2025 02 07	10:05:44	df218811-3fb5-40ed-ac9a-04e62e67aad3	undefined: ETIMEOUT	 querySrv	_mongodb._tcp.cluster0.n0kay20.mongodb.net
2025 02 08	12:06:05	b8f87c09-f4a4-4752-81dd-ccf361e8c6de	undefined: ETIMEOUT	 querySrv	_mongodb._tcp.cluster0.n0kay20.mongodb.net
2025 02 08	12:08:08	b7944019-7028-41f7-8289-174fe38d926c	undefined: ETIMEOUT	 querySrv	_mongodb._tcp.cluster0.n0kay20.mongodb.net
2025 02 08	13:48:09	9afea574-e78d-4e67-9416-b5f26eef1348	undefined: ETIMEOUT	 querySrv	_mongodb._tcp.cluster0.n0kay20.mongodb.net
2025 02 08	13:49:10	71c21651-2d85-4251-8803-f3e923155cae	undefined: ETIMEOUT	 querySrv	_mongodb._tcp.cluster0.n0kay20.mongodb.net
2025 02 08	13:50:33	2a34fb99-ebff-4ffe-a4ca-1b18cb45be2c	undefined: ETIMEOUT	 querySrv	_mongodb._tcp.cluster0.n0kay20.mongodb.net
2025 02 08	16:03:11	b966a6f1-fc44-4711-9a63-c5475981d17e	undefined: ECONNREFUSED	 querySrv	_mongodb._tcp.cluster0.n0kay20.mongodb.net
2025 02 12	08:01:16	ba84cc9a-1350-4d69-8ba8-b87e4211c795	undefined: ETIMEOUT	 querySrv	_mongodb._tcp.cluster0.n0kay20.mongodb.net
2025 03 25	12:06:50	298da991-a21a-48e5-b995-466a40e2f2e1	undefined: ECONNREFUSED	 querySrv	_mongodb._tcp.cluster0.n0kay20.mongodb.net
2025 03 29	21:09:22	53e68b89-c328-41b2-be90-06cf54860a38	undefined: undefined	 undefined	undefined
2025 03 29	21:14:30	998f08b7-a875-4a9a-ad49-7b10b156cd3a	undefined: undefined	 undefined	undefined
2025 04 05	11:21:24	ba2e9be9-c60f-4dcc-b2ce-8429cd81bd8a	undefined: ECONNREFUSED	 querySrv	_mongodb._tcp.cluster0.n0kay20.mongodb.net
2025 04 05	11:24:02	4055cca9-ad81-474c-80ed-c2dbed9a7897	undefined: ECONNREFUSED	 querySrv	_mongodb._tcp.cluster0.n0kay20.mongodb.net
2025 04 10	12:39:22	043f9e80-27b6-4d2a-a07a-518e5c1fcd04	undefined: ECONNREFUSED	 querySrv	_mongodb._tcp.cluster0.n0kay20.mongodb.net
2025 04 12	12:43:38	ffe87773-ae01-4379-a75e-820ffdccdcad	undefined: ECONNREFUSED	 querySrv	_mongodb._tcp.cluster0.n0kay20.mongodb.net
2025 04 13	13:38:28	73336e30-b144-4321-b08a-a89b7c94e40a	undefined: ECONNREFUSED	 querySrv	_mongodb._tcp.cluster0.n0kay20.mongodb.net
2025 05 01	18:39:47	7e43f58c-61b6-4c94-a214-f36b7b4824b4	undefined: ECONNREFUSED	 querySrv	_mongodb._tcp.cluster0.n0kay20.mongodb.net
2025 05 01	18:40:07	1a93eb2d-441e-4faf-ac64-99f0ae1205bc	undefined: ECONNREFUSED	 querySrv	_mongodb._tcp.cluster0.n0kay20.mongodb.net
2025 05 01	18:40:09	e03291f1-fe5a-4898-8539-59e621783699	undefined: ECONNREFUSED	 querySrv	_mongodb._tcp.cluster0.n0kay20.mongodb.net
2025 05 01	22:10:34	8ed8d68e-cdf6-49c1-8e48-7c59f55a2098	undefined: ECONNREFUSED	 querySrv	_mongodb._tcp.cluster0.n0kay20.mongodb.net
2025 05 04	13:11:11	32c9d0ac-370a-4bdc-8f05-c81ba2028146	undefined: ECONNREFUSED	 querySrv	_mongodb._tcp.cluster0.n0kay20.mongodb.net
2025 05 28	20:34:54	d0a30971-4943-4fe3-aebc-7bd58842d30b	undefined: ECONNREFUSED	 querySrv	_mongodb._tcp.cluster0.n0kay20.mongodb.net
2025 05 29	21:28:53	539c2ad5-ced4-4a37-ba9c-97847a6d1345	undefined: ECONNREFUSED	 querySrv	_mongodb._tcp.cluster0.n0kay20.mongodb.net
