2025 07 10	10:45:11	870aa408-2e1b-4192-9bbb-658401ecafb4	GET	/auth/refresh	http://localhost:3000
2025 07 10	10:45:11	b0b9955d-f50a-46ee-9dd8-e4f272700463	GET	/auth/refresh	http://localhost:3000
2025 07 10	10:45:12	4897ea16-7468-4e6f-a9cd-293eaaf2e0dd	OPTIONS	/users	http://localhost:3000
2025 07 10	10:45:12	08e465e8-b2b6-4c6b-9074-8efe923b1650	OPTIONS	/users	http://localhost:3000
2025 07 10	10:45:12	abbdc94e-a89c-4850-99e2-fe718812d21c	OPTIONS	/users	http://localhost:3000
2025 07 10	10:45:12	ba3a1278-09d9-4c70-a064-c473a142209f	OPTIONS	/users	http://localhost:3000
2025 07 10	10:45:12	515396b4-4b38-4455-b785-30633b91207f	GET	/users	http://localhost:3000
2025 07 10	10:45:12	019cc25c-962f-4795-a0a8-3323abca3b9b	GET	/users	http://localhost:3000
2025 07 10	10:45:12	4c5366c1-6cfb-43d3-bc0d-de06ce022da0	GET	/users	http://localhost:3000
2025 07 10	10:45:12	686388ee-bf29-4fda-acd5-41f5c96d5549	OPTIONS	/auth/refresh	http://localhost:3000
2025 07 10	10:45:12	46e12d6b-a825-4565-bebb-7b84a37758d5	OPTIONS	/auth/refresh	http://localhost:3000
2025 07 10	10:45:12	793b2174-ca6e-4cd5-a86b-09f118708946	GET	/auth/refresh	http://localhost:3000
2025 07 10	10:45:12	7251553d-f7ef-4cd3-a912-2a5e1dc98ebd	GET	/users	http://localhost:3000
2025 07 10	10:45:12	bdc72caa-8835-4fbb-a86d-a5666e9c275c	GET	/auth/refresh	http://localhost:3000
2025 07 10	10:45:12	200f157b-8700-4e48-901d-8a3068cdd7d6	GET	/auth/refresh	http://localhost:3000
2025 07 10	10:45:12	4b81ac9b-0512-4306-9d79-e9bae49db99f	GET	/auth/refresh	http://localhost:3000
2025 07 10	10:45:12	da7cf48d-4dce-4114-9bcb-169cd2b2a2a9	GET	/auth/refresh	http://localhost:3000
2025 07 10	10:45:12	2a25e0a0-045e-471d-86c1-74d8f47798ee	GET	/auth/refresh	http://localhost:3000
2025 07 10	10:45:12	d4a1705f-4e3f-4eb5-8d8c-fb1c681dc4c0	GET	/auth/refresh	http://localhost:3000
2025 07 10	10:45:12	e1266522-219c-468e-bfb4-6f41b0e998f7	GET	/auth/refresh	http://localhost:3000
2025 07 10	10:45:12	bc6e79a3-8938-4416-b530-69b65e62cfbb	GET	/auth/refresh	http://localhost:3000
2025 07 10	10:45:12	509a0c87-d560-455b-9369-dec77c756000	GET	/auth/refresh	http://localhost:3000
2025 07 10	10:45:13	4efc71ea-08af-4bcf-bd09-66e02c752a07	GET	/auth/refresh	http://localhost:3000
2025 07 10	10:45:13	6515ce5f-101e-4506-b3be-bb34c43d23bd	GET	/auth/refresh	http://localhost:3000
2025 07 10	10:45:13	76753028-0a7c-48a8-86c5-5c8349fdfa76	GET	/auth/refresh	http://localhost:3000
2025 07 10	10:45:13	9c531ca7-e484-4ad5-b11d-f03501e1ac6f	GET	/auth/refresh	http://localhost:3000
2025 07 10	10:45:13	3f9cf6dc-224c-40c6-bff4-17f49a1acecd	GET	/auth/refresh	http://localhost:3000
2025 07 10	10:45:13	9edd2dcd-9efe-4dcb-be7d-0d7183db05dd	GET	/auth/refresh	http://localhost:3000
2025 07 10	10:45:13	9b03f6b1-50b7-4b04-9a4a-0234c633fc29	GET	/auth/refresh	http://localhost:3000
2025 07 10	10:45:13	46133dfb-855c-4e5c-8c1b-5d11f3951068	GET	/auth/refresh	http://localhost:3000
2025 07 10	10:45:13	bd31dc7b-06dc-480f-a76a-7b9d2d75177d	GET	/auth/refresh	http://localhost:3000
2025 07 10	10:45:13	9f33b0f7-01c1-4b67-a174-a064fe6c54a6	GET	/auth/refresh	http://localhost:3000
2025 07 10	10:45:13	18310fc2-ee1a-4196-a66f-ea1e26fa2a35	GET	/auth/refresh	http://localhost:3000
2025 07 10	10:45:14	82d6fbd3-2c9a-4d85-8d0a-78d5a966cff1	GET	/auth/refresh	http://localhost:3000
2025 07 10	10:45:14	0f8e7d7a-4a54-4e1a-8576-3355d3f7c268	GET	/auth/refresh	http://localhost:3000
2025 07 10	10:45:14	c3e71280-1606-4458-8a03-d13841369543	GET	/auth/refresh	http://localhost:3000
2025 07 10	10:45:14	d14b9f49-3e88-493f-97a9-2903c73efbbd	GET	/auth/refresh	http://localhost:3000
2025 07 10	10:45:14	ab0284ff-934c-4139-a045-27ebda4e518e	GET	/auth/refresh	http://localhost:3000
2025 07 10	10:45:14	cfb666c5-5b71-443f-a64b-62167e20287d	GET	/auth/refresh	http://localhost:3000
2025 07 10	10:45:14	14f849cc-607a-4949-a36d-134d0ae97bf3	GET	/auth/refresh	http://localhost:3000
2025 07 10	10:45:14	f3f50a22-2e97-47fb-b5ca-b1348ad86b36	GET	/auth/refresh	http://localhost:3000
2025 07 10	10:45:14	3e4e0943-aa75-4640-9b5a-c9653b3cadcc	GET	/auth/refresh	http://localhost:3000
2025 07 10	10:45:14	e7477eb2-ab77-4b3f-931d-f2cc573f1184	GET	/auth/refresh	http://localhost:3000
2025 07 10	10:45:14	e9e0f9ea-b50c-414b-923f-6f8821000c3a	GET	/auth/refresh	http://localhost:3000
2025 07 10	10:45:14	739e4c01-58fd-42f6-a0bc-dd3d13fe4d1d	GET	/auth/refresh	http://localhost:3000
2025 07 10	10:45:15	65a14b49-42dc-4957-b29c-bebeab1b4a2c	GET	/auth/refresh	http://localhost:3000
2025 07 10	10:45:15	205284c9-b8c6-4dd4-b615-b0bcc98d594d	GET	/auth/refresh	http://localhost:3000
2025 07 10	10:45:15	beb8685a-f5b3-4c5d-90e6-3053907e2875	GET	/auth/refresh	http://localhost:3000
2025 07 10	10:45:15	ff75ca08-5b48-4f2e-aefd-85e8651e2326	GET	/auth/refresh	http://localhost:3000
2025 07 10	10:45:15	e215999a-8c2e-4db4-8725-5e3d9eae344c	GET	/auth/refresh	http://localhost:3000
2025 07 10	10:45:15	14258221-c426-4544-8f94-034090257285	GET	/auth/refresh	http://localhost:3000
2025 07 10	10:45:15	f4c946c2-6f30-46b3-bae6-767cce688fb8	GET	/auth/refresh	http://localhost:3000
2025 07 10	10:45:15	ebf40a64-fad4-453d-95a8-7f55004eb7e3	GET	/auth/refresh	http://localhost:3000
2025 07 10	10:45:15	eaa42ce5-1ce1-4abb-b015-80ea6b67e3a7	GET	/auth/refresh	http://localhost:3000
2025 07 10	10:45:15	6ab1c7f6-b998-4c84-ba74-dafa78945523	GET	/auth/refresh	http://localhost:3000
2025 07 10	10:45:16	4ac7a6b9-c84d-4707-8167-68d4c0f44044	GET	/auth/refresh	http://localhost:3000
2025 07 10	10:45:16	028184d4-d18d-43ec-a13f-7f338e082b31	GET	/auth/refresh	http://localhost:3000
2025 07 10	10:45:16	212f319c-d5b6-4fe1-beb5-2610d47b1f00	GET	/auth/refresh	http://localhost:3000
2025 07 10	10:45:16	bcb53a4d-3783-4de9-b62d-f4be872061b0	GET	/auth/refresh	http://localhost:3000
2025 07 10	10:45:16	1509e274-f02c-4d4d-81b5-687409d09af8	GET	/auth/refresh	http://localhost:3000
2025 07 10	10:45:16	8523ba48-48bb-4826-9d25-5e90d533ed80	GET	/auth/refresh	http://localhost:3000
2025 07 10	10:45:16	8866a45f-27d3-4a3b-9e52-19373f19098d	GET	/auth/refresh	http://localhost:3000
2025 07 10	10:45:16	20b627e4-8540-4bca-96b0-653f43e38d27	GET	/auth/refresh	http://localhost:3000
2025 07 10	10:45:16	dbef0e36-b6fb-4159-a8c9-5223e58e6bbe	GET	/auth/refresh	http://localhost:3000
2025 07 10	10:45:16	fbc11140-ad64-4acd-a51e-34e3ab340002	GET	/auth/refresh	http://localhost:3000
2025 07 10	10:45:16	def9c574-fcbf-489f-af92-6072c2f3854f	GET	/auth/refresh	http://localhost:3000
2025 07 10	10:45:16	80c90778-9a8a-4543-8258-9589f71a3fc6	GET	/auth/refresh	http://localhost:3000
2025 07 10	10:45:16	041b3646-f7bc-4030-8000-58d41929c0a8	GET	/auth/refresh	http://localhost:3000
2025 07 10	10:45:16	d29bba0c-788b-4531-b20c-f5b5201eda9b	GET	/auth/refresh	http://localhost:3000
2025 07 10	10:45:17	21c53293-6c85-458c-8b06-0a79984457a7	GET	/auth/refresh	http://localhost:3000
2025 07 10	10:45:17	a6b9a19b-51e0-421f-a9ac-f2dcfe2ec667	GET	/auth/refresh	http://localhost:3000
2025 07 10	10:45:17	0da1978b-439c-4bc9-a12c-426472b6e196	OPTIONS	/auth/refresh	http://localhost:3000
2025 07 10	10:45:17	d5fdf53b-4f80-47b7-8953-2d9535c745b1	GET	/auth/refresh	http://localhost:3000
2025 07 10	10:45:17	75c0c272-c49c-41cc-839f-bca1b4596ad9	GET	/auth/refresh	http://localhost:3000
2025 07 10	10:45:17	1f73fc66-6623-451b-98cb-89a956441866	GET	/auth/refresh	http://localhost:3000
2025 07 10	10:45:17	636fbf56-a827-4209-87d3-9eb13d918e5d	GET	/auth/refresh	http://localhost:3000
2025 07 10	10:45:17	83d49966-64cf-4118-8097-6297a61c8d73	GET	/auth/refresh	http://localhost:3000
2025 07 10	10:45:17	a5bd3c55-59ee-4e90-8770-3c8e79ee718f	GET	/auth/refresh	http://localhost:3000
2025 07 10	10:45:17	5418ad1d-96d4-4f23-b982-1349abecfa6a	GET	/auth/refresh	http://localhost:3000
2025 07 10	10:45:17	c6434475-673b-4300-8a40-dba3abce4737	GET	/auth/refresh	http://localhost:3000
2025 07 10	10:45:17	ae481256-d4b7-4bcd-a64d-e5fad53c0e70	GET	/auth/refresh	http://localhost:3000
2025 07 10	10:45:17	9c26cf98-103f-4c0a-8a29-0220a3c6df4e	GET	/auth/refresh	http://localhost:3000
2025 07 10	10:45:17	dc2f1878-367c-4ab6-bd63-bd59615cd7d6	GET	/auth/refresh	http://localhost:3000
2025 07 10	10:45:17	027c161c-e5ea-4a4c-9cda-1f5715f0b051	GET	/auth/refresh	http://localhost:3000
2025 07 10	10:45:18	e31d585f-04f1-42d2-a72d-b9a2931f196c	GET	/auth/refresh	http://localhost:3000
2025 07 10	10:45:18	34ea5b85-c51e-438f-8ec6-b55ce7cdc44a	GET	/auth/refresh	http://localhost:3000
2025 07 10	10:45:18	86034270-694c-409f-b03b-8e4d294ad86c	GET	/auth/refresh	http://localhost:3000
2025 07 10	10:45:18	9b8ee750-ed19-46a3-a68e-39b98b73bac4	GET	/auth/refresh	http://localhost:3000
2025 07 10	10:45:18	a22bc107-7b37-48dd-8993-6ae38ac52de6	GET	/auth/refresh	http://localhost:3000
2025 07 10	10:45:18	fa586504-9255-4a48-9e17-05b939799e98	GET	/auth/refresh	http://localhost:3000
2025 07 10	10:45:18	e008d2b3-d760-4310-92e7-3f152fedbb56	GET	/auth/refresh	http://localhost:3000
2025 07 10	10:45:18	e2485380-8aa9-40f6-9476-603017668bf6	GET	/auth/refresh	http://localhost:3000
2025 07 10	10:45:18	79e5d278-57a1-4295-9c47-dbff75c5a3d4	GET	/auth/refresh	http://localhost:3000
2025 07 10	10:45:18	7cd43c3d-b108-4593-8c10-0031736295d3	GET	/auth/refresh	http://localhost:3000
2025 07 10	10:45:18	b3945eb9-f770-4168-8d05-3f4e74a20f6f	GET	/auth/refresh	http://localhost:3000
2025 07 10	10:45:18	cfc91cab-81cd-48cb-8636-f4c4fd78340e	GET	/auth/refresh	http://localhost:3000
2025 07 10	10:45:18	6d0ccb84-d729-4ece-8a8f-85999688f6bf	GET	/auth/refresh	http://localhost:3000
2025 07 10	10:45:18	b9b1e35b-7e64-4c4e-af23-a72ac46cf3bf	GET	/auth/refresh	http://localhost:3000
2025 07 10	10:45:19	190e64f0-db45-484c-827e-67bb57800827	GET	/auth/refresh	http://localhost:3000
2025 07 10	10:45:19	9483b87e-7cf7-491a-ab2c-ae6b3d895c40	GET	/auth/refresh	http://localhost:3000
2025 07 10	10:45:19	14f1b646-7385-4578-b6ca-93d7f62c370f	GET	/auth/refresh	http://localhost:3000
2025 07 10	10:45:19	59ba15e3-15aa-459f-9f6b-10f96acf1785	GET	/auth/refresh	http://localhost:3000
2025 07 10	10:45:19	a1abbd0d-361c-4807-be75-6130fa7432a3	GET	/auth/refresh	http://localhost:3000
2025 07 10	10:45:19	4563ec22-5745-4255-95bd-600ddb29a05d	GET	/auth/refresh	http://localhost:3000
2025 07 10	10:45:19	e6bd8eb6-b011-41b4-9a64-a2c06a6d0607	GET	/auth/refresh	http://localhost:3000
2025 07 10	10:45:19	d58f3340-35f9-45fc-8273-5801f9b27d68	GET	/auth/refresh	http://localhost:3000
2025 07 10	10:45:19	c8b0ef70-5b03-4303-b2f9-40f147dcecf0	GET	/auth/refresh	http://localhost:3000
2025 07 10	10:45:19	f58c3518-2d19-4c7f-9092-9cd50c923543	GET	/auth/refresh	http://localhost:3000
2025 07 10	10:45:19	a3703f8c-1210-4942-abcb-3b4454753835	GET	/auth/refresh	http://localhost:3000
2025 07 10	10:45:19	d84950b6-e7a2-42e0-a4dc-622ce7faf87e	GET	/auth/refresh	http://localhost:3000
2025 07 10	10:45:19	a271cda4-0d9f-46ac-a3fa-b870788aa68f	GET	/auth/refresh	http://localhost:3000
2025 07 10	10:45:19	aaa04de1-97fb-419e-b4af-b178b0a319a2	GET	/auth/refresh	http://localhost:3000
2025 07 10	10:45:19	4b2221b3-933e-4768-a0d8-e4d2affd0172	GET	/auth/refresh	http://localhost:3000
2025 07 10	10:45:20	b4013951-9d06-4467-a5fe-63acb73da314	GET	/auth/refresh	http://localhost:3000
2025 07 10	10:45:20	7b316ce6-3f95-4e0d-96d5-fa8df00922f5	GET	/auth/refresh	http://localhost:3000
2025 07 10	10:45:20	bdc7d1dd-8b10-4de9-bde5-2a9a5a240177	GET	/auth/refresh	http://localhost:3000
2025 07 10	10:45:20	f266c865-a314-42cc-bf29-ea150c5d2e2f	GET	/auth/refresh	http://localhost:3000
2025 07 10	10:45:20	e49fc3c5-17e3-4073-b83c-30e0ed2270fb	GET	/auth/refresh	http://localhost:3000
2025 07 10	10:45:20	1ee370c0-5f40-441a-a9fc-f6bbd68a4098	GET	/auth/refresh	http://localhost:3000
2025 07 10	10:45:20	ed02f462-9252-4ea5-9ef3-96a6b2403c5d	GET	/auth/refresh	http://localhost:3000
2025 07 10	10:45:20	5534ca9f-2354-4919-9cc0-12e68caa0b53	GET	/auth/refresh	http://localhost:3000
2025 07 10	10:45:20	3cbb788f-670e-49b2-95f3-013c7c3f8bfd	GET	/auth/refresh	http://localhost:3000
2025 07 10	10:45:20	633f2514-f9be-478d-ab20-4295db25762e	GET	/auth/refresh	http://localhost:3000
2025 07 10	10:45:20	4584e4ca-48e7-42d8-b738-87bc361f895b	GET	/auth/refresh	http://localhost:3000
2025 07 10	10:45:20	b098e9d1-ae2a-4d02-b44b-100fdcb27364	GET	/auth/refresh	http://localhost:3000
2025 07 10	10:45:20	5deca03c-26d9-4c6b-aebe-65d7f6d5e60f	GET	/auth/refresh	http://localhost:3000
2025 07 10	10:45:21	5ed1a4e1-86e0-44f2-af44-6cbb97b382db	GET	/auth/refresh	http://localhost:3000
2025 07 10	10:45:21	d92cd2a9-c643-4103-8369-676f3cdaa982	GET	/auth/refresh	http://localhost:3000
2025 07 10	10:45:21	f4201494-1a51-40a5-9ca4-db2f2d2cfdd5	GET	/auth/refresh	http://localhost:3000
2025 07 10	10:45:21	9ae77c6d-8906-4e20-b58f-6f822a51c3c6	GET	/auth/refresh	http://localhost:3000
2025 07 10	10:45:21	a0fcf905-0637-4135-ac7b-fbbbd177444b	GET	/auth/refresh	http://localhost:3000
2025 07 10	10:45:21	a0a57ec4-78f8-487d-9d73-38e235561b44	GET	/auth/refresh	http://localhost:3000
2025 07 10	10:45:21	73ef366c-521c-40da-82fe-a304ad1b55ca	GET	/auth/refresh	http://localhost:3000
2025 07 10	10:45:21	2cc6f7ca-08b9-4f92-b0d1-3942ddeaf0d0	GET	/auth/refresh	http://localhost:3000
2025 07 10	10:45:21	dfeab755-bfd8-4e61-8d97-3bc1fecf0323	GET	/auth/refresh	http://localhost:3000
2025 07 10	10:45:21	43047992-37c7-4301-9f3d-522b1a2169d9	GET	/auth/refresh	http://localhost:3000
2025 07 10	10:45:21	db4852c5-e5f6-4f67-b399-03767704001e	GET	/auth/refresh	http://localhost:3000
2025 07 10	10:45:21	4dc24154-6c6b-4f27-b65d-9f6d9bab7b6f	GET	/auth/refresh	http://localhost:3000
2025 07 10	10:45:21	34e6a701-38d8-453f-af88-9119302f817e	GET	/auth/refresh	http://localhost:3000
2025 07 10	10:45:21	d57f326b-a06e-4a0b-89c2-75fe69a58115	GET	/auth/refresh	http://localhost:3000
2025 07 10	10:45:22	1a32798f-fa9b-4c83-90d9-af2ccb8ca61e	GET	/auth/refresh	http://localhost:3000
2025 07 10	10:45:22	43f32f0b-17cd-4a34-8a87-fadb3a06c3f6	GET	/auth/refresh	http://localhost:3000
2025 07 10	10:45:22	76b73840-ab7c-4698-82d2-c88dced91728	GET	/auth/refresh	http://localhost:3000
2025 07 10	10:45:22	684a1ace-68a4-4736-b8f0-b09228411d7c	GET	/auth/refresh	http://localhost:3000
2025 07 10	10:45:22	c7731e09-c237-47a6-9dd3-18625b1976e7	GET	/auth/refresh	http://localhost:3000
2025 07 10	10:45:22	95881d98-71f6-4fdc-b1bb-50a295af067b	GET	/auth/refresh	http://localhost:3000
2025 07 10	10:45:22	30947911-a93f-45b0-a83d-795580449878	GET	/auth/refresh	http://localhost:3000
2025 07 10	10:45:50	53b4df59-826c-4f27-a893-16929f53e874	OPTIONS	/auth	http://localhost:3000
2025 07 10	10:45:50	85d5fe22-48fc-4c0e-b02a-84162be8e894	POST	/auth	http://localhost:3000
2025 07 10	10:45:51	32181875-147f-4b75-8394-b48ffff45994	GET	/auth/refresh	http://localhost:3000
2025 07 10	10:45:51	cb602886-b5ac-44fb-a7c5-a2b3d39bb015	GET	/auth/refresh	http://localhost:3000
2025 07 10	10:45:51	5db73d67-a328-4c5d-b692-1c2adca29ad3	OPTIONS	/users	http://localhost:3000
2025 07 10	10:45:51	215329ad-d578-42ea-ae28-47ae09bb9f33	OPTIONS	/users	http://localhost:3000
2025 07 10	10:45:51	a93d6b06-17a6-4241-a80a-b63df925be63	OPTIONS	/users	http://localhost:3000
2025 07 10	10:45:51	c4b35b4c-db08-4f27-b7b3-c9a5deea2642	OPTIONS	/users	http://localhost:3000
2025 07 10	10:45:51	c9b30d3a-6e41-4902-9410-fe6e50f70abb	GET	/users	http://localhost:3000
2025 07 10	10:45:51	c06aed67-3230-498d-8590-8cd359113f43	GET	/users	http://localhost:3000
2025 07 10	10:45:51	761ce814-2e34-4c84-b624-bec206eaff81	GET	/users	http://localhost:3000
2025 07 10	10:45:51	635cf1ce-0773-4488-89ce-321ae7171906	GET	/users	http://localhost:3000
2025 07 10	11:01:22	2277753f-affe-4774-bdeb-380f2e62525b	GET	/auth/refresh	http://localhost:3000
2025 07 10	11:01:22	e2aa6409-e539-479f-ac63-53e7b6c1b787	GET	/auth/refresh	http://localhost:3000
2025 07 10	11:01:22	b3012505-3b8a-46fd-98a5-06cff483cf9d	OPTIONS	/users	http://localhost:3000
2025 07 10	11:01:22	d175b499-6bb9-43f3-af95-5bfc9765a64c	OPTIONS	/users	http://localhost:3000
2025 07 10	11:01:22	d6045a37-e637-49fd-b0f0-76d206ac6173	OPTIONS	/users	http://localhost:3000
2025 07 10	11:01:22	aada4e11-3a76-4481-b967-73ded32960e1	OPTIONS	/users	http://localhost:3000
2025 07 10	11:01:22	31899daf-3710-4e22-8dc5-c6217a95e090	GET	/users	http://localhost:3000
2025 07 10	11:01:22	2df2a417-b681-4a61-9c77-f235f44a5f8f	GET	/users	http://localhost:3000
2025 07 10	11:01:22	93703381-2359-4dbf-b9fc-64666175e253	GET	/users	http://localhost:3000
2025 07 10	11:01:22	f701bc67-13fc-4d97-b933-c60272bbc8db	GET	/users	http://localhost:3000
2025 07 10	11:06:21	f4604ced-b054-413a-adc8-4392635a3dac	GET	/auth/refresh	http://localhost:3000
2025 07 10	11:06:21	60609b8f-cb11-45c4-9393-67d3fbc4e7a2	GET	/auth/refresh	http://localhost:3000
2025 07 10	11:06:21	cb7315cc-2519-41ae-bfd5-98afeeca96ef	OPTIONS	/users	http://localhost:3000
2025 07 10	11:06:21	3e3de824-fbba-40e2-8587-7f7034ce9a29	OPTIONS	/users	http://localhost:3000
2025 07 10	11:06:21	93a95f1e-8d3b-4dc9-b8f6-f294a50c8cfc	OPTIONS	/users	http://localhost:3000
2025 07 10	11:06:21	52d04155-5c90-4880-9847-3bccf5c0ba80	OPTIONS	/users	http://localhost:3000
2025 07 10	11:06:21	c46f5872-1c7b-44f4-9734-72d213f4162e	GET	/users	http://localhost:3000
2025 07 10	11:06:21	241a26eb-2327-4a03-928e-9b76a8a17ee8	GET	/users	http://localhost:3000
2025 07 10	11:06:21	4760a08c-f626-47cf-8818-5c5a65a9e08a	GET	/users	http://localhost:3000
2025 07 10	11:06:21	29e0011d-f179-4e17-a7c7-9ac616664c0f	GET	/users	http://localhost:3000
2025 07 10	11:08:27	5013be90-8b78-4230-b35f-cc3b56c3274d	GET	/auth/refresh	http://localhost:3000
2025 07 10	11:08:27	3a256e03-7cb3-45af-ba43-b4b68f09575f	GET	/auth/refresh	http://localhost:3000
2025 07 10	11:08:28	430eca27-f9e1-43d0-9496-bca071901607	OPTIONS	/users	http://localhost:3000
2025 07 10	11:08:28	1259b5ac-987f-42ae-a378-72633aa8a2dc	OPTIONS	/users	http://localhost:3000
2025 07 10	11:08:28	92499e5d-19c1-4b4f-8107-11b49f53ec41	OPTIONS	/users	http://localhost:3000
2025 07 10	11:08:28	2b410e9f-00a9-417a-b369-3ad7f6c3a4ab	OPTIONS	/users	http://localhost:3000
2025 07 10	11:08:28	b779cce2-5592-411a-956f-bf609b44ca4e	GET	/users	http://localhost:3000
2025 07 10	11:08:28	56592a67-67cc-4613-b25e-63565fad2634	GET	/users	http://localhost:3000
2025 07 10	11:08:28	d58d1113-233f-4f2e-b7b7-2abcc4f352fd	GET	/users	http://localhost:3000
2025 07 10	11:08:28	332c1902-7acd-48c6-b8fb-a351aa64576b	GET	/users	http://localhost:3000
2025 07 10	11:08:47	08fe9dbc-00dc-462c-adb1-778124bb2007	GET	/auth/refresh	http://localhost:3000
2025 07 10	11:08:47	c109ddc0-a7fc-4b17-b125-18b024a28dc2	GET	/auth/refresh	http://localhost:3000
2025 07 10	11:08:47	b27af85f-589b-4742-bd58-e7165e3cdac6	OPTIONS	/users	http://localhost:3000
2025 07 10	11:08:47	6a45eaa7-5776-460c-aeea-331fec76e8a9	OPTIONS	/users	http://localhost:3000
2025 07 10	11:08:47	12d0fef4-c79b-4422-955d-88bd77f780a5	OPTIONS	/users	http://localhost:3000
2025 07 10	11:08:47	386e0bd9-23b2-4741-8faf-b38960bc2997	OPTIONS	/users	http://localhost:3000
2025 07 10	11:08:47	80cba9fc-32ae-4cb6-bbf6-eb0f0b792e4f	GET	/users	http://localhost:3000
2025 07 10	11:08:47	6f1c95f3-2f45-418b-817e-12d0fc364c56	GET	/users	http://localhost:3000
2025 07 10	11:08:48	365607a3-5589-4ee5-b83a-6b78086837e7	GET	/users	http://localhost:3000
2025 07 10	11:08:48	a198ba83-bc51-4ed3-8bd2-bc10f92576a0	GET	/users	http://localhost:3000
2025 07 10	11:08:58	dfd03288-adab-41bd-a7d9-0ef0a000268b	GET	/auth/refresh	http://localhost:3000
2025 07 10	11:08:58	ba2c5ac5-246b-44f9-a242-abbc2288eba2	GET	/auth/refresh	http://localhost:3000
2025 07 10	11:08:58	a80988bf-abea-4910-8981-497127ec5284	OPTIONS	/users	http://localhost:3000
2025 07 10	11:08:58	7532e82d-f39e-42ec-9daf-ddcf3cec4b60	OPTIONS	/users	http://localhost:3000
2025 07 10	11:08:58	30a221c0-cc4a-4f64-b868-984340a09caf	OPTIONS	/users	http://localhost:3000
2025 07 10	11:08:58	b018045f-d786-4c61-bacc-0e8d82ad69c8	OPTIONS	/users	http://localhost:3000
2025 07 10	11:08:58	bad40c15-45ef-4c73-8725-aa8dd6c3e999	GET	/users	http://localhost:3000
2025 07 10	11:08:58	8c4c3145-0950-4204-9e8c-7907323c0096	GET	/users	http://localhost:3000
2025 07 10	11:08:58	434ff4ff-ce05-455d-8e33-808bd37d3a01	GET	/users	http://localhost:3000
2025 07 10	11:08:58	cd4f63ec-b8ed-437e-8139-041a2afff0e1	GET	/users	http://localhost:3000
2025 07 10	11:11:21	4d712275-a3b8-4251-b899-150835b27ee7	GET	/items	http://localhost:3000
2025 07 10	11:11:21	55585f9e-26e7-4ab7-9431-14d717e7ae9d	GET	/transactions	http://localhost:3000
2025 07 10	11:11:21	6f74826d-1207-4e29-9e24-38f03766f89f	GET	/items	http://localhost:3000
2025 07 10	11:11:21	809ca1b9-0e4e-4d3d-aca2-15e60108525f	GET	/users	http://localhost:3000
2025 07 10	11:11:21	d723ce49-2b4d-429e-89c2-1dd059871c57	GET	/items	http://localhost:3000
2025 07 10	11:11:21	f21b983c-daca-4925-8047-8e6698a1f202	GET	/transactions	http://localhost:3000
2025 07 10	11:11:22	d59ddf47-c0b1-413f-9f35-bd9d50b964d0	GET	/items	http://localhost:3000
2025 07 10	11:11:22	e8346a1b-d529-46a2-bfc2-02be6b19e4ad	GET	/users	http://localhost:3000
2025 07 10	11:11:37	e500bc5c-d6cd-4907-a2d8-c4c661ffedd2	OPTIONS	/auth	http://localhost:3000
2025 07 10	11:11:37	3b16e905-605e-42bd-a2d1-ffb0c5a5ed83	POST	/auth	http://localhost:3000
2025 07 10	11:11:37	bcae7383-3b22-46a8-abe9-6296e4b29f1e	GET	/auth/refresh	http://localhost:3000
2025 07 10	11:11:37	6ee362d9-b8c2-4bcb-b199-4e9fde9e9a1f	GET	/auth/refresh	http://localhost:3000
2025 07 10	11:11:39	5c31097e-c790-4529-86b3-9e9938fe2c6d	GET	/auth/refresh	http://localhost:3000
2025 07 10	11:11:39	60189605-2850-49cd-a0b3-cbc604c8d8e8	GET	/auth/refresh	http://localhost:3000
2025 07 10	11:11:39	a6c0041b-a5d0-47a4-b2ed-51e5ea6005de	OPTIONS	/users	http://localhost:3000
2025 07 10	11:11:39	ed7a39ab-fb2b-485b-ad72-0d078f8df053	OPTIONS	/users	http://localhost:3000
2025 07 10	11:11:39	9583a54a-70eb-4fc6-93d8-50babefc314e	OPTIONS	/users	http://localhost:3000
2025 07 10	11:11:39	06557987-bc98-43d1-b22f-80b175dedf24	GET	/users	http://localhost:3000
2025 07 10	11:11:39	f9d162c3-91eb-40ea-8e4e-6045355652a0	OPTIONS	/users	http://localhost:3000
2025 07 10	11:11:39	46af6763-fde5-4fa1-9f5f-ccb7482ddc75	GET	/users	http://localhost:3000
2025 07 10	11:11:39	050f846f-abb7-4d6f-81f0-6760ee71d30d	GET	/users	http://localhost:3000
2025 07 10	11:11:39	64860490-cc07-4cee-b3bd-8d0a9ffd31d1	GET	/users	http://localhost:3000
2025 07 10	11:11:46	a3550215-e784-47b4-a6fc-96e58c253386	GET	/auth/refresh	http://localhost:3000
2025 07 10	11:11:46	ac409425-55f8-499a-a9a4-3e12143da7c2	GET	/auth/refresh	http://localhost:3000
2025 07 10	11:11:47	e2ebfcf6-9dd0-4a1b-b099-5afdd143856e	OPTIONS	/users	http://localhost:3000
2025 07 10	11:11:47	d056ea0d-4a7f-437c-9599-bb07460c800a	OPTIONS	/users	http://localhost:3000
2025 07 10	11:11:47	e02627ec-1733-43af-9aef-390974aec6b8	OPTIONS	/users	http://localhost:3000
2025 07 10	11:11:47	57e4b8a9-d1dc-428f-b8a2-b48c1b954a3f	GET	/users	http://localhost:3000
2025 07 10	11:11:47	d7c6e453-04dd-4c75-9dc2-9f9bc05c1b72	GET	/users	http://localhost:3000
2025 07 10	11:11:47	ed81ce6a-4d5c-4ffe-ba3f-fa9a6386f9c7	GET	/users	http://localhost:3000
2025 07 10	11:11:47	327e5040-3898-457e-be56-7b763d7e5ad0	GET	/users	http://localhost:3000
2025 07 10	11:11:51	bc32ea77-68fa-489d-879d-27382dcd2fce	GET	/auth/refresh	http://localhost:3000
2025 07 10	11:11:51	d84ddb97-22d6-4b54-802e-3fd3e0b265f7	GET	/auth/refresh	http://localhost:3000
2025 07 10	11:11:52	fb905a5a-041c-4024-b35c-5d33eda7f01c	OPTIONS	/users	http://localhost:3000
2025 07 10	11:11:52	88cbe92b-53fb-404f-be6f-01ee89d58c53	OPTIONS	/users	http://localhost:3000
2025 07 10	11:11:52	572081a8-00fd-4543-a577-a0dbf6dcb441	OPTIONS	/users	http://localhost:3000
2025 07 10	11:11:52	6c4a02bc-ce8d-464d-b5c5-98116635b7b9	GET	/users	http://localhost:3000
2025 07 10	11:11:52	c43a17c3-4c36-4b45-8fe0-c8b42cad71ac	OPTIONS	/users	http://localhost:3000
2025 07 10	11:11:52	c7c5c27d-39a9-4bd6-b305-df5e146de4ca	GET	/users	http://localhost:3000
2025 07 10	11:11:52	955444b5-2202-4906-9a96-1ae7abbf262e	GET	/users	http://localhost:3000
2025 07 10	11:11:52	d3a3f98d-5f17-4fae-9a92-c3a5ef930128	GET	/users	http://localhost:3000
2025 07 10	11:12:00	67ba6107-2b46-4eb8-927b-087f118a1fc0	OPTIONS	/users/update/6861f76dbfc3b07a655fe258	http://localhost:3000
2025 07 10	11:12:00	0dc23f92-6481-4511-85da-155870d1b8b4	PATCH	/users/update/6861f76dbfc3b07a655fe258	http://localhost:3000
2025 07 10	11:15:44	df6b7c98-c11a-4670-89f8-964327e49e21	GET	/auth/refresh	http://localhost:3000
2025 07 10	11:15:44	4f3c3e53-548d-400c-a7a4-6210cc978286	GET	/auth/refresh	http://localhost:3000
2025 07 10	11:15:44	b7e568e4-f305-48fe-a0a4-ee23fe43c773	OPTIONS	/users	http://localhost:3000
2025 07 10	11:15:44	dc329e3e-6fba-402a-9d98-b67a1afd0171	OPTIONS	/users	http://localhost:3000
2025 07 10	11:15:44	5a7afd36-3194-4d40-a21a-c840a74c182c	OPTIONS	/users	http://localhost:3000
2025 07 10	11:15:44	cddc103c-b41d-4fb7-8a48-eb271c5f1e0f	GET	/users	http://localhost:3000
2025 07 10	11:15:44	7b32aa46-a7a0-4992-b687-89ef7e924406	OPTIONS	/users	http://localhost:3000
2025 07 10	11:15:44	483c8b18-b86b-48f9-9c2e-f3a747d787a4	GET	/users	http://localhost:3000
2025 07 10	11:15:44	594bcd30-ed40-45a3-88e5-e8a1affff10a	GET	/users	http://localhost:3000
2025 07 10	11:15:44	8d1b0838-6e5c-463e-93f1-b76cfb0d7a42	GET	/users	http://localhost:3000
2025 07 10	11:18:40	5e429914-0d15-4b03-9a84-ba38705887ae	GET	/auth/refresh	http://localhost:3000
2025 07 10	11:18:40	a24d5924-0fa4-45c4-969f-d1460b75831f	GET	/auth/refresh	http://localhost:3000
2025 07 10	11:18:40	34386938-81fa-4850-a6a2-fa625d879c87	OPTIONS	/users	http://localhost:3000
2025 07 10	11:18:40	81b5c110-740f-4f1c-8f30-4eab7865d397	OPTIONS	/users	http://localhost:3000
2025 07 10	11:18:40	74bd2617-90bf-4f03-a390-007e5822ff8c	OPTIONS	/users	http://localhost:3000
2025 07 10	11:18:40	2ba059c5-8d1d-4689-936f-637fea9b06a9	GET	/users	http://localhost:3000
2025 07 10	11:18:40	a1d142b7-5791-4d82-906e-8f48f3fb8b58	OPTIONS	/users	http://localhost:3000
2025 07 10	11:18:40	c3ad88f5-2d4c-4be0-ac23-880edd1a1c54	GET	/users	http://localhost:3000
2025 07 10	11:18:40	684e69de-55f6-4e6a-9a37-929a25e8488e	GET	/users	http://localhost:3000
2025 07 10	11:18:40	dd4783f5-997f-4bda-8574-8a4128d99099	GET	/users	http://localhost:3000
2025 07 10	11:20:56	0482ce34-86f2-487d-8a9a-624432b5c4bb	GET	/auth/refresh	http://localhost:3000
2025 07 10	11:20:56	774d4f66-8390-431f-acf4-c92b4aa0c761	GET	/auth/refresh	http://localhost:3000
2025 07 10	11:20:56	6598901c-3aef-4e96-afd6-8fc851440ad1	OPTIONS	/users	http://localhost:3000
2025 07 10	11:20:56	ed9e2d58-66db-494e-8615-cc25bc5e9c75	GET	/users	http://localhost:3000
2025 07 10	11:20:56	9100694d-5073-4884-a2f5-cd8b70297e19	OPTIONS	/users	http://localhost:3000
2025 07 10	11:20:56	2e07a59b-c6a4-46a9-b8db-2acec54d407a	GET	/users	http://localhost:3000
2025 07 10	11:20:56	7aa41bb7-7878-4950-8a6b-c174aeed0856	OPTIONS	/users	http://localhost:3000
2025 07 10	11:20:56	898aac6b-77cd-4aa6-8e2b-4b5d381029d3	GET	/users	http://localhost:3000
2025 07 10	11:20:56	97f30c27-0a13-490c-af1e-15090d60598e	GET	/users	http://localhost:3000
2025 07 10	11:22:55	2bdd23d8-b5f0-429c-9495-350c64a3cecd	GET	/auth/refresh	http://localhost:3000
2025 07 10	11:22:55	2918583c-3977-48fd-9e91-2b936776267c	GET	/auth/refresh	http://localhost:3000
2025 07 10	11:22:55	d0dca602-7793-4643-af90-90c17db9edfb	OPTIONS	/users	http://localhost:3000
2025 07 10	11:22:55	d54358e4-da19-489e-a16b-1c1dc64d7470	OPTIONS	/users	http://localhost:3000
2025 07 10	11:22:55	421a4073-078a-4460-9b5a-c8e3f4e32278	OPTIONS	/users	http://localhost:3000
2025 07 10	11:22:55	84b73536-fd5b-42bc-ae83-c60ee90bda09	OPTIONS	/users	http://localhost:3000
2025 07 10	11:22:55	1d8caed8-6d40-4707-92b5-4debb9f1ddca	GET	/users	http://localhost:3000
2025 07 10	11:22:55	1ad9f3d8-3c56-4361-a052-fc720974440a	GET	/users	http://localhost:3000
2025 07 10	11:22:55	925bc9ab-265b-46ce-86f7-5c1748053fed	GET	/users	http://localhost:3000
2025 07 10	11:22:55	651279a9-ce53-45dc-bdd0-9690d75f11fb	GET	/users	http://localhost:3000
2025 07 10	11:23:32	15041cd2-4339-4fab-bb39-e8eec2f0936d	GET	/auth/refresh	http://localhost:3000
2025 07 10	11:23:32	306ccf11-341a-417c-820e-6f745968d316	GET	/auth/refresh	http://localhost:3000
2025 07 10	11:23:32	720ad6b1-9ad4-4111-8b18-5450d595b9fd	OPTIONS	/users	http://localhost:3000
2025 07 10	11:23:32	061a350d-0856-4589-b4a1-e156d00abf4f	OPTIONS	/users	http://localhost:3000
2025 07 10	11:23:32	05bf99a1-a9c7-4a12-8e02-484199d1415e	OPTIONS	/users	http://localhost:3000
2025 07 10	11:23:32	711484b1-8377-4fcf-baa5-70f24c511477	OPTIONS	/users	http://localhost:3000
2025 07 10	11:23:32	5e4150d4-bc88-4dce-b59b-b59571a2fff7	GET	/users	http://localhost:3000
2025 07 10	11:23:32	803f7790-9b19-4667-afb1-6f8b6299feaf	GET	/users	http://localhost:3000
2025 07 10	11:23:32	03cb8e6f-5695-44c5-8b9c-587cf05a8f55	GET	/users	http://localhost:3000
2025 07 10	11:23:32	326ab7cf-259c-420c-a482-f3f3debdf8d7	GET	/users	http://localhost:3000
2025 07 10	11:24:52	a5cfc575-f21e-472d-859c-a22d8662f819	GET	/auth/refresh	http://localhost:3000
2025 07 10	11:24:52	33041f10-e1fe-48ff-9735-76326ec78068	GET	/auth/refresh	http://localhost:3000
2025 07 10	11:24:52	5e601f39-0a11-4f58-b60d-38b0eb038d49	OPTIONS	/users	http://localhost:3000
2025 07 10	11:24:52	f8e790eb-0170-43b9-8ae0-f876b17e7d9a	GET	/users	http://localhost:3000
2025 07 10	11:24:52	496e899b-42a7-41c9-a6ba-9a22552894d7	OPTIONS	/users	http://localhost:3000
2025 07 10	11:24:52	b39bbeab-4efc-4425-930f-fb363b685592	GET	/users	http://localhost:3000
2025 07 10	11:24:52	9214e682-7638-4b07-be31-06f1d95e38b6	GET	/users	http://localhost:3000
2025 07 10	11:24:52	ed9cb229-1b4f-4caf-acdb-146d0770fd24	GET	/users	http://localhost:3000
2025 07 10	11:26:24	2ff443d5-6fc0-4e86-a284-95c12d92c151	GET	/auth/refresh	http://localhost:3000
2025 07 10	11:26:24	62c6ce42-72e7-45a8-8435-e5f770fd1381	GET	/auth/refresh	http://localhost:3000
2025 07 10	11:26:24	12010089-0f28-40ad-9ce4-ce534ebdb8f5	OPTIONS	/users	http://localhost:3000
2025 07 10	11:26:24	5b414c6c-f6d3-47bc-b57c-d9657422eb45	OPTIONS	/users	http://localhost:3000
2025 07 10	11:26:24	304d35e7-3181-47c8-be25-6ffc4681ad9a	OPTIONS	/users	http://localhost:3000
2025 07 10	11:26:24	45df2609-e66e-4827-b810-7596f58411b0	OPTIONS	/users	http://localhost:3000
2025 07 10	11:26:24	34401dd7-4bff-4c84-8ff0-41fdd4cf7ba4	GET	/users	http://localhost:3000
2025 07 10	11:26:24	340e99ab-8bf6-47db-a56f-7c4e30f1f0ea	GET	/users	http://localhost:3000
2025 07 10	11:26:24	adf65118-692b-404b-8a5e-252e31eae730	GET	/users	http://localhost:3000
2025 07 10	11:26:24	21cc074b-eaa9-4e92-ba78-b16355c0abdb	GET	/users	http://localhost:3000
2025 07 10	11:27:24	f7b50753-f21f-48c7-89ea-04d02217d8d8	GET	/auth/refresh	http://localhost:3000
2025 07 10	11:27:24	e6a96612-a02f-40aa-b6f1-b96be264bba0	GET	/auth/refresh	http://localhost:3000
2025 07 10	11:27:25	cdfd39e5-b82c-4b25-8072-4e77652c2288	OPTIONS	/users	http://localhost:3000
2025 07 10	11:27:25	dc84c5ba-74e2-458d-bf50-58474a440306	OPTIONS	/users	http://localhost:3000
2025 07 10	11:27:25	b28a3f5c-b862-4ee3-807e-0f2a5d631fab	OPTIONS	/users	http://localhost:3000
2025 07 10	11:27:25	c2aca223-cdab-4b2f-b19d-718adb45c055	OPTIONS	/users	http://localhost:3000
2025 07 10	11:27:25	ac9d6427-86d3-4176-8993-5a484dbae95d	GET	/users	http://localhost:3000
2025 07 10	11:27:25	d8323d4c-8bb1-49b6-b407-d22fd60ce2f6	GET	/users	http://localhost:3000
2025 07 10	11:27:25	0b586a09-7889-4bf0-828c-28e02521d09d	GET	/users	http://localhost:3000
2025 07 10	11:27:25	a02f367e-627e-4e04-8c09-96c50d954238	GET	/users	http://localhost:3000
2025 07 10	11:30:48	b49f0a64-8d12-472e-a631-30ad790f76b7	GET	/auth/refresh	http://localhost:3000
2025 07 10	11:30:48	73a2a25b-d504-4072-a2c7-794681f03546	GET	/auth/refresh	http://localhost:3000
2025 07 10	11:30:48	b31f0406-c457-4976-ad50-eee3bfd3c983	OPTIONS	/users	http://localhost:3000
2025 07 10	11:30:48	47d28096-a5b6-4869-83a2-1299d716ac21	OPTIONS	/users	http://localhost:3000
2025 07 10	11:30:48	a83b8b3c-9759-4a23-b227-1959185bb9e3	OPTIONS	/users	http://localhost:3000
2025 07 10	11:30:48	ed9d8e63-787d-4641-b5da-adc936a23426	GET	/users	http://localhost:3000
2025 07 10	11:30:48	75fdf700-0954-46c3-bdec-a466c5119f18	OPTIONS	/users	http://localhost:3000
2025 07 10	11:30:48	a5c75315-a363-48a1-adca-366a51e10848	GET	/users	http://localhost:3000
2025 07 10	11:30:48	2a943548-b911-4c4e-80f0-567a490e7c39	GET	/users	http://localhost:3000
2025 07 10	11:30:48	55ea5f39-87b6-4821-901e-84e08a4939d2	GET	/users	http://localhost:3000
2025 07 10	11:30:52	3a05190a-d27b-45e5-8494-1ebbd619fa82	GET	/auth/refresh	http://localhost:3000
2025 07 10	11:30:52	4d3bf5b9-b370-498f-bfec-2c91589b9cc9	GET	/auth/refresh	http://localhost:3000
2025 07 10	11:30:52	ba562703-2deb-4d83-b16c-d49c382bfdc0	GET	/users	http://localhost:3000
2025 07 10	11:30:52	d8076bc3-8e2f-40d7-8746-06110ba9ee1e	GET	/users	http://localhost:3000
2025 07 10	11:30:52	0067651a-5743-4f43-8d3d-27a30fb01715	GET	/users	http://localhost:3000
2025 07 10	11:30:52	4b9e36ad-bb55-472d-ba80-b26b16420042	GET	/users	http://localhost:3000
2025 07 10	11:30:56	f401048f-546b-4956-9e53-0d2966ea0b64	GET	/auth/refresh	http://localhost:3000
2025 07 10	11:30:56	7f6ef23a-8d22-415f-9b81-216c52ff4b6e	GET	/auth/refresh	http://localhost:3000
2025 07 10	11:30:56	1458091b-47bd-45ad-85ef-f63da396991a	OPTIONS	/users	http://localhost:3000
2025 07 10	11:30:56	49480243-1259-446b-836c-ca9facc5f73c	GET	/users	http://localhost:3000
2025 07 10	11:30:56	e2d509f4-30e2-4622-91f8-b356b08a6aa5	OPTIONS	/users	http://localhost:3000
2025 07 10	11:30:56	82c3c1ea-0e19-4d76-bb38-82c474171e87	GET	/users	http://localhost:3000
2025 07 10	11:30:56	71171e25-56b6-4a77-8674-d11913663a54	OPTIONS	/users	http://localhost:3000
2025 07 10	11:30:56	992c1107-0d9e-4c2d-8631-e34f31a048e0	GET	/users	http://localhost:3000
2025 07 10	11:30:56	e4167dce-4a0c-4492-9de4-5c29f85d2780	GET	/users	http://localhost:3000
2025 07 10	11:31:04	9da2bf0d-dedd-4c29-a09a-30e6fad97ab1	GET	/auth/refresh	http://localhost:3000
2025 07 10	11:31:04	23532ce2-db01-4c74-829a-0cf67a8399a5	GET	/auth/refresh	http://localhost:3000
2025 07 10	11:33:55	9092311b-f2cb-4952-ad8b-888c2263f79c	GET	/auth/refresh	http://localhost:3000
2025 07 10	11:33:55	29bbd4cb-893c-404c-92f6-7a416956e56e	GET	/auth/refresh	http://localhost:3000
2025 07 10	11:33:55	338dd347-5e7d-4b91-8137-621f99cb0676	OPTIONS	/users	http://localhost:3000
2025 07 10	11:33:55	04a8725f-e321-4329-a1a7-33e7c455f84a	OPTIONS	/users	http://localhost:3000
2025 07 10	11:33:55	da10a076-72ba-4b98-907c-c344ba6b22a7	OPTIONS	/users	http://localhost:3000
2025 07 10	11:33:55	c2769821-4391-43a9-b095-ef5401c96373	OPTIONS	/users	http://localhost:3000
2025 07 10	11:33:55	fcab9659-0cb0-40c2-8655-93e005c531be	GET	/users	http://localhost:3000
2025 07 10	11:33:55	0c487d7e-33a7-4abf-b2fd-b18887e26ce6	GET	/users	http://localhost:3000
2025 07 10	11:33:55	22e00244-d61f-44c8-b7d3-f917fa1021c0	GET	/users	http://localhost:3000
2025 07 10	11:33:55	286193f1-e5ff-4d6b-aa5b-9b2225bcd014	GET	/users	http://localhost:3000
2025 07 10	11:34:14	024d6f3f-b52b-441e-ad4f-504f73baffa3	GET	/auth/refresh	http://localhost:3000
2025 07 10	11:34:14	a95c2a91-5da8-4f1e-b591-9af277f9b1f5	GET	/auth/refresh	http://localhost:3000
2025 07 10	11:34:14	cf0f4f54-c722-4fcb-a2b6-9c20203de7e8	OPTIONS	/users	http://localhost:3000
2025 07 10	11:34:14	bb9a2f8b-88e2-4104-916f-6ba664405856	OPTIONS	/users	http://localhost:3000
2025 07 10	11:34:14	8313bfae-a875-4abc-bbe7-df387da1a017	OPTIONS	/users	http://localhost:3000
2025 07 10	11:34:14	59d9bcda-a683-4238-9c3e-b4f1d99ab3fb	OPTIONS	/users	http://localhost:3000
2025 07 10	11:34:14	7f19389c-c6c8-49bf-a991-290a078f82fc	GET	/users	http://localhost:3000
2025 07 10	11:34:14	b1dcc89a-f1bd-4f5f-aa95-7db1895b0fa5	GET	/users	http://localhost:3000
2025 07 10	11:34:14	a3e9cc23-ac4c-4006-a863-3116d8db1c86	GET	/users	http://localhost:3000
2025 07 10	11:34:14	74a515e1-e692-403a-96e3-2649c8426047	GET	/users	http://localhost:3000
2025 07 10	11:42:04	654e00e6-992b-4597-9a9e-5adf35155fc1	OPTIONS	/users/update/68621fdccf46116a6c7c4171	http://localhost:3000
2025 07 10	11:42:04	5df645d6-0484-4d18-a926-a48d192281b4	PATCH	/users/update/68621fdccf46116a6c7c4171	http://localhost:3000
2025 07 10	11:48:19	f963dd46-bf7a-460d-9f37-0436ccff0feb	GET	/items	http://localhost:3000
2025 07 10	11:48:19	7b4311f1-7c36-4792-9ff5-9835d41b43dc	GET	/items	http://localhost:3000
2025 07 10	11:48:19	48d4ef2a-2c9e-460d-8b3a-56054e4d9929	GET	/transactions	http://localhost:3000
2025 07 10	11:48:19	2abdffea-fe2b-4a9d-ac45-66b4db8adb39	GET	/items	http://localhost:3000
2025 07 10	11:48:19	e4bd6818-6ab7-4a96-b615-388da426d62f	GET	/transactions	http://localhost:3000
2025 07 10	11:48:19	c5901316-5977-40f7-aeb1-1e5bf91d5f7f	GET	/items	http://localhost:3000
2025 07 10	11:48:20	ff8a7349-4dce-43b4-93e9-42fb69b3edb6	GET	/users	http://localhost:3000
2025 07 10	11:48:20	c40c9819-f39e-40e7-aa1a-0728d6a8af84	GET	/users	http://localhost:3000
2025 07 10	11:48:37	dec36460-0964-4249-bd83-2a271cea06d6	OPTIONS	/auth	http://localhost:3000
2025 07 10	11:48:37	a2f39cab-fb51-482f-acaa-7baa1a77778a	POST	/auth	http://localhost:3000
2025 07 10	11:48:37	33cff1ad-9281-42af-b4b2-f65b48856536	GET	/auth/refresh	http://localhost:3000
2025 07 10	11:48:37	226aeafb-d349-4389-87b9-c76075f26dd4	GET	/auth/refresh	http://localhost:3000
2025 07 10	11:49:00	8445107c-9ece-4ca0-944e-852c77294f78	GET	/auth/refresh	http://localhost:3000
2025 07 10	11:49:00	09b2f1d6-9dd7-442b-8ec0-dd7b792b1689	GET	/auth/refresh	http://localhost:3000
2025 07 10	11:49:01	0e919c8d-df34-4f70-95f6-b52d66872dfe	OPTIONS	/users	http://localhost:3000
2025 07 10	11:49:01	d26a6941-1bcc-4e20-8124-cbdfb5dd32af	OPTIONS	/users	http://localhost:3000
2025 07 10	11:49:01	7bd20185-e990-4273-9fbe-5299e64b1a6f	OPTIONS	/users	http://localhost:3000
2025 07 10	11:49:01	c08480ae-1511-4d81-a672-94824f1c5798	OPTIONS	/users	http://localhost:3000
2025 07 10	11:49:01	2d8d535c-ce65-4345-97b9-96afe1fb6a93	GET	/users	http://localhost:3000
2025 07 10	11:49:01	70be852c-3279-44ce-8d1e-0d439db1c9e2	GET	/users	http://localhost:3000
2025 07 10	11:49:01	c22e060c-485b-4a6e-9c10-b41d4c942c9f	GET	/users	http://localhost:3000
2025 07 10	11:49:01	aea52dcc-f2cd-4adf-82d6-9ef912fedfea	GET	/users	http://localhost:3000
2025 07 10	11:49:09	ef88e96e-2fd6-4647-abe6-d07f42a41836	GET	/auth/refresh	http://localhost:3000
2025 07 10	11:49:09	bfc04605-e6dd-42ba-9b06-f26d1333e163	GET	/auth/refresh	http://localhost:3000
2025 07 10	11:49:12	50804ba0-54c2-4c8d-bdd9-3017398e6ef7	GET	/auth/refresh	http://localhost:3000
2025 07 10	11:49:12	80ae82eb-4443-48b5-84a6-14659dc06cd9	GET	/auth/refresh	http://localhost:3000
2025 07 10	11:49:12	840a4777-a1ea-46d0-94f2-e853e6481427	OPTIONS	/users	http://localhost:3000
2025 07 10	11:49:12	f31d1da2-5927-4bf2-bcda-f79e12ec9d17	OPTIONS	/users	http://localhost:3000
2025 07 10	11:49:12	838d405e-5436-4d8a-9b1c-d12a592587fb	GET	/users	http://localhost:3000
2025 07 10	11:49:12	76a14500-5e02-4412-9ea1-24a71ef5959a	OPTIONS	/users	http://localhost:3000
2025 07 10	11:49:12	6bfcb8f0-f9bf-4eff-b665-22a4a4fb27be	OPTIONS	/users	http://localhost:3000
2025 07 10	11:49:12	09b37315-c4c5-406d-a776-4c79c61e4698	GET	/users	http://localhost:3000
2025 07 10	11:49:12	e540c7a9-411b-4b70-93b7-24b6eeae5512	GET	/users	http://localhost:3000
2025 07 10	11:49:12	38c0e87c-a0e4-493e-9217-b76ce04f6291	GET	/users	http://localhost:3000
2025 07 10	11:52:54	6016c72c-8606-49fe-8534-be33b7bb1560	GET	/auth/refresh	http://localhost:3000
2025 07 10	11:52:54	4270dad6-fcac-4a15-83fa-2eeca5100f2c	GET	/auth/refresh	http://localhost:3000
2025 07 10	11:52:54	1b8e7cc6-1a84-4614-a83f-4979f64dbad0	OPTIONS	/users	http://localhost:3000
2025 07 10	11:52:54	356f757e-e4b0-4f3b-b996-8d2cbf28ba90	OPTIONS	/users	http://localhost:3000
2025 07 10	11:52:54	f8b6aa10-a3c0-440a-8aec-ad0b514aef74	OPTIONS	/users	http://localhost:3000
2025 07 10	11:52:54	b232ca86-51d1-458c-abed-2bb680069d74	OPTIONS	/users	http://localhost:3000
2025 07 10	11:52:54	9b5ed70f-e053-4fed-8d8b-f67dcf1bf412	GET	/users	http://localhost:3000
2025 07 10	11:52:54	1c7cf943-a9bc-4646-b6e9-d9bb291e010f	GET	/users	http://localhost:3000
2025 07 10	11:52:54	33a12c1b-35db-4d06-8321-762adbfdffe2	GET	/users	http://localhost:3000
2025 07 10	11:52:54	b9db7c22-e6c6-4d6a-aa90-17a2ffad599e	GET	/users	http://localhost:3000
2025 07 10	11:52:58	042bf7d6-0f62-4e2b-bac7-7d03df3e9154	GET	/auth/refresh	http://localhost:3000
2025 07 10	11:52:58	3ddbd0d6-38ce-4c24-abb0-bcf938f2ee1c	GET	/auth/refresh	http://localhost:3000
2025 07 10	11:52:58	86663682-28b0-4ea9-9fcd-32dded94c077	GET	/users	http://localhost:3000
2025 07 10	11:52:58	3da50217-d142-4ab1-9b3a-dcfc25f5ed41	GET	/users	http://localhost:3000
2025 07 10	11:52:58	15ae46f0-9f5d-4dce-bdb1-163d4a95f077	GET	/users	http://localhost:3000
2025 07 10	11:52:58	fcfc0afd-1e7f-4b8a-a976-13147e7b12ed	GET	/users	http://localhost:3000
2025 07 10	11:53:04	d6261565-d0e4-4d15-9dce-145216b362e6	GET	/auth/refresh	http://localhost:3000
2025 07 10	11:53:04	0b4d555c-4327-4aee-b10a-6dd802d8f742	GET	/auth/refresh	http://localhost:3000
2025 07 10	11:53:04	c25cfd81-531a-473e-9997-029e45db248e	OPTIONS	/users	http://localhost:3000
2025 07 10	11:53:04	640765ef-74f0-4927-b1cf-d8df01b89df9	OPTIONS	/users	http://localhost:3000
2025 07 10	11:53:04	c21c1102-dfc3-4228-a109-991f777db052	OPTIONS	/users	http://localhost:3000
2025 07 10	11:53:04	0473741e-7f0f-4b66-8ad7-310e1bd4020f	GET	/users	http://localhost:3000
2025 07 10	11:53:04	6f1d90f6-064e-4eaa-9065-d534f5d4ce8f	OPTIONS	/users	http://localhost:3000
2025 07 10	11:53:04	209e3fa0-22f4-4c0b-86aa-3fa4bef63d8d	GET	/users	http://localhost:3000
2025 07 10	11:53:04	22ec04d7-7f68-451d-93f1-2601abd14456	GET	/users	http://localhost:3000
2025 07 10	11:53:04	1a724009-4a75-4b57-9165-e59f75a2f713	GET	/users	http://localhost:3000
2025 07 10	11:53:08	014a0c53-c890-4850-a704-0cb281d96164	GET	/auth/refresh	http://localhost:3000
2025 07 10	11:53:08	262625ea-4bfa-4442-b45a-3e0377795e80	GET	/auth/refresh	http://localhost:3000
2025 07 10	11:53:08	cdae9492-1a33-4923-9510-093746881c22	GET	/users	http://localhost:3000
2025 07 10	11:53:08	5e54dc63-87a4-4c6b-81af-f11890e1eb56	GET	/users	http://localhost:3000
2025 07 10	11:53:08	f6e191ef-278a-4b23-ab4a-53f09b13c4f3	GET	/users	http://localhost:3000
2025 07 10	11:53:08	a2ca596d-87fd-4686-ac02-b974c7185bb2	GET	/users	http://localhost:3000
2025 07 10	11:53:12	7487447e-a0ef-474a-bb25-8977b038ca5e	GET	/auth/refresh	http://localhost:3000
2025 07 10	11:53:12	a4cb788a-d6be-4ef8-a6f4-0b6726700391	GET	/auth/refresh	http://localhost:3000
2025 07 10	11:53:12	1eec08f8-b781-428c-8513-4518c5b30df6	OPTIONS	/users	http://localhost:3000
2025 07 10	11:53:12	6daed9e8-4caf-4851-9753-f6187f72579e	GET	/users	http://localhost:3000
2025 07 10	11:53:12	3c881075-1a85-400d-a851-677e3075d5c6	GET	/users	http://localhost:3000
2025 07 10	11:53:12	8fe1ccd1-4897-41d9-abe5-0851cf50e45a	OPTIONS	/users	http://localhost:3000
2025 07 10	11:53:12	e118f51c-6283-41f9-a8a9-1bd401b42d09	GET	/users	http://localhost:3000
2025 07 10	11:53:12	b0b470b0-242b-498d-8e45-7e5618eae729	GET	/users	http://localhost:3000
2025 07 10	11:57:41	831375ba-49c1-47a7-ab00-52392806f699	GET	/auth/refresh	http://localhost:3000
2025 07 10	11:57:41	7a1a422e-4201-4138-b617-e7ed90508f28	GET	/auth/refresh	http://localhost:3000
2025 07 10	11:57:42	39ead3b6-6d54-43a8-9e34-7535c402ae44	OPTIONS	/users	http://localhost:3000
2025 07 10	11:57:42	9ac8e3e4-cfe6-4a66-8dce-b71b7ac8b8af	OPTIONS	/users	http://localhost:3000
2025 07 10	11:57:42	251e887f-b31a-4af6-b5ec-edc58fd6d14c	OPTIONS	/users	http://localhost:3000
2025 07 10	11:57:42	1347dc59-c8a9-4a76-bee2-bde1461405c9	OPTIONS	/users	http://localhost:3000
2025 07 10	11:57:42	e30f5618-b82e-484a-b15b-8d16f0b9a55c	GET	/users	http://localhost:3000
2025 07 10	11:57:42	5036262a-dde7-4b63-afdf-16c102ef07cc	GET	/users	http://localhost:3000
2025 07 10	11:57:42	33afde1a-e46a-4fe8-9cf3-a3e68828880f	GET	/users	http://localhost:3000
2025 07 10	11:57:42	8864877b-23fd-41c7-90cc-3c6d7f0ee2d3	GET	/users	http://localhost:3000
2025 07 10	12:01:08	71329b01-c38a-4c4b-bfa0-66cfa99b8584	GET	/auth/refresh	http://localhost:3000
2025 07 10	12:01:08	4ba6cf58-8b78-454a-b287-f695f2a21251	GET	/auth/refresh	http://localhost:3000
2025 07 10	12:01:08	577f55f7-c0ee-42dc-84a8-af5445af3ff3	OPTIONS	/users	http://localhost:3000
2025 07 10	12:01:08	4020f93b-9f31-446a-9e5c-1c7099e316a5	OPTIONS	/users	http://localhost:3000
2025 07 10	12:01:08	a3d5c729-07eb-4c6c-8583-d57f32269e53	OPTIONS	/users	http://localhost:3000
2025 07 10	12:01:08	6ce50fc0-2988-4cbf-bf01-566a1138d918	OPTIONS	/users	http://localhost:3000
2025 07 10	12:01:08	e64d4eaa-2c2e-42f0-9f0e-8dfe80112ee6	GET	/users	http://localhost:3000
2025 07 10	12:01:08	b7cf53bb-b089-42ca-8d79-5902eec75a1f	GET	/users	http://localhost:3000
2025 07 10	12:01:08	fbd7b839-3e04-48fd-af5d-f8eaff8027c0	GET	/users	http://localhost:3000
2025 07 10	12:01:08	f9be5869-55c7-4c8e-93a8-040c864c6943	GET	/users	http://localhost:3000
2025 07 10	12:01:20	b2418156-402c-450b-861f-69b2658cfb76	OPTIONS	/users/update/6861f76dbfc3b07a655fe258	http://localhost:3000
2025 07 10	12:01:20	950fbbd7-1dde-4e42-a0b3-c9491271d9eb	PATCH	/users/update/6861f76dbfc3b07a655fe258	http://localhost:3000
2025 07 10	12:03:57	ea531569-572b-4fda-87f7-12d0288628d5	GET	/auth/refresh	http://localhost:3000
2025 07 10	12:03:57	b67561dd-606e-49e9-ba5f-0876e1683fc8	GET	/auth/refresh	http://localhost:3000
2025 07 10	12:03:58	dfbe51f3-ad56-46a3-bc23-a882f84414c4	OPTIONS	/users	http://localhost:3000
2025 07 10	12:03:58	f2b61ab9-43c1-48e7-be90-84ce01eb0e86	OPTIONS	/users	http://localhost:3000
2025 07 10	12:03:58	f0958791-8e97-4e6d-aed5-5965c457e49b	OPTIONS	/users	http://localhost:3000
2025 07 10	12:03:58	47245383-2eea-4bc0-bc2a-43b4d922fee3	OPTIONS	/users	http://localhost:3000
2025 07 10	12:03:59	f72aebaf-ad83-4d5c-b519-b0152a91bc11	GET	/auth/refresh	http://localhost:3000
2025 07 10	12:03:59	ef37492d-cb23-43fc-a1e0-8a233af49ad8	GET	/items	http://localhost:3000
2025 07 10	12:03:59	84793365-c434-4548-a179-5f5cd6545bce	GET	/transactions	http://localhost:3000
2025 07 10	12:03:59	eaf7705c-5131-4cea-b290-26d1d534064d	GET	/items	http://localhost:3000
2025 07 10	12:03:59	9319a702-d5af-4b26-a94b-63a73c2e1744	GET	/users	http://localhost:3000
2025 07 10	12:04:00	323e5742-abe2-4c05-a5b9-3f9b421f40b6	GET	/auth/refresh	http://localhost:3000
2025 07 10	12:04:00	8396ce8a-31ad-4361-bb14-23ace6ab8ffb	GET	/items	http://localhost:3000
2025 07 10	12:04:00	19b65c92-8329-4c3c-8667-d72dec89f771	GET	/transactions	http://localhost:3000
2025 07 10	12:04:00	d55b8220-32f4-48a1-a484-3684e8a9eca9	GET	/items	http://localhost:3000
2025 07 10	12:04:00	d7a9a681-a857-410f-a53d-6ac593bdc389	GET	/users	http://localhost:3000
2025 07 10	12:04:00	f9213dc2-8f73-43ad-8457-2a0fd363cebb	OPTIONS	/users	http://localhost:3000
2025 07 10	12:04:00	639dbe78-372f-46a5-be4b-f81b4edf27b1	OPTIONS	/users	http://localhost:3000
2025 07 10	12:04:00	302a66e1-b431-4d48-9d2b-b6d8c42c5dd5	OPTIONS	/users	http://localhost:3000
2025 07 10	12:04:00	3dfe9efb-0413-498f-9796-6959c3e4bbe2	OPTIONS	/users	http://localhost:3000
2025 07 10	12:04:00	c6d06b92-433f-406c-b396-07be06454aff	GET	/users	http://localhost:3000
2025 07 10	12:04:00	160f4dd3-927a-4545-86e3-4c6d3e949697	GET	/users	http://localhost:3000
2025 07 10	12:04:00	df3a8047-ab22-462d-bd4e-0e088247e6be	GET	/users	http://localhost:3000
2025 07 10	12:04:00	2dd66409-1d04-4fb2-b382-2fe5631608a9	GET	/users	http://localhost:3000
2025 07 10	12:05:09	a1646180-67b6-45da-899a-d9ad8005501e	OPTIONS	/users/update/6861f76dbfc3b07a655fe258	http://localhost:3000
2025 07 10	12:05:09	c38d26f2-8b11-45cd-833f-9d9ab832808c	PATCH	/users/update/6861f76dbfc3b07a655fe258	http://localhost:3000
2025 07 10	12:10:34	431cd15e-edbd-4c45-88a6-da2dd94bd3c3	GET	/users	http://localhost:3000
2025 07 10	12:10:34	ebe59a58-c349-441a-a203-e80fb6fb44f8	GET	/users	http://localhost:3000
2025 07 10	12:10:34	9005e799-2ead-48bd-891d-f6d68c9690c2	GET	/users	http://localhost:3000
2025 07 10	12:10:34	d5904018-18fa-4f7b-8ad4-d78a63eb4125	GET	/users	http://localhost:3000
2025 07 10	12:13:07	f46b20cd-7d6f-4baf-95b3-da8420530e4a	GET	/users	http://localhost:3000
2025 07 10	12:13:07	a81b5eb1-a788-4bd8-bf32-c941b1e4cf2e	GET	/users	http://localhost:3000
2025 07 10	12:13:16	8d080834-bc42-4a1b-a169-8163890a8f48	GET	/users	http://localhost:3000
2025 07 10	12:13:16	ea52d4af-f6d0-4350-a5b0-17b11896af66	GET	/users	http://localhost:3000
2025 07 10	12:14:53	7d6012d4-1e08-49da-a827-7e050e80d27b	GET	/users	http://localhost:3000
2025 07 10	12:14:53	240939c2-bcbc-42b4-89aa-356d6f39db5e	GET	/users	http://localhost:3000
2025 07 10	12:15:35	cc121f50-4b40-4b5c-80bc-0fe615295b4d	GET	/users	http://localhost:3000
2025 07 10	12:15:35	29092a30-3381-4d65-b7f2-481f0a8c85d9	GET	/users	http://localhost:3000
2025 07 10	12:16:59	20751f45-e009-4519-8233-ca6f82c04305	GET	/users	http://localhost:3000
2025 07 10	12:16:59	fefeb86a-4811-4515-8395-2c4d1943b87a	GET	/users	http://localhost:3000
2025 07 10	12:17:11	5af13b00-2a5c-4e4f-982a-d9c40edb6c30	GET	/items	http://localhost:3000
2025 07 10	12:17:11	fd12bf9b-3bae-4b7f-a3a6-58494320cb49	GET	/transactions	http://localhost:3000
2025 07 10	12:17:11	5b87f222-0e93-419c-aa20-3e3db7edf8de	GET	/items	http://localhost:3000
2025 07 10	12:17:11	243671f7-1273-4850-969f-6b0ced2045ea	GET	/users	http://localhost:3000
2025 07 10	12:17:11	18122577-fa62-4b32-8455-e709986f16bd	GET	/items	http://localhost:3000
2025 07 10	12:17:11	3944daf7-df98-4987-8043-d54ec3e966ec	GET	/transactions	http://localhost:3000
2025 07 10	12:17:11	4998908f-ecfc-4924-9154-2311c2074616	GET	/items	http://localhost:3000
2025 07 10	12:17:11	aa7b49a1-38b2-40a7-87ef-be9e60a162be	GET	/users	http://localhost:3000
2025 07 10	12:17:11	a1906ee9-c36c-4ffc-bc8b-ec53cb771352	GET	/users	http://localhost:3000
2025 07 10	12:17:11	eb602268-32e5-4289-aa51-dbf48fd98971	GET	/users	http://localhost:3000
2025 07 10	12:17:11	6526fc88-2af1-4022-b0e7-03da260b4f88	GET	/users	http://localhost:3000
2025 07 10	12:17:11	814c64e7-328d-44ef-841e-13fe1b40b017	GET	/users	http://localhost:3000
2025 07 10	12:17:11	81ce9c66-6475-4248-8581-1b5304a6636c	GET	/users	http://localhost:3000
2025 07 10	12:17:11	0d5d98ce-c009-4adc-856e-7e475e0d97db	GET	/users	http://localhost:3000
2025 07 10	12:17:11	b4b98147-aab6-4067-b6ac-ed35d4a787c3	GET	/users	http://localhost:3000
2025 07 10	12:17:11	bc47f070-b12b-436b-8048-4f1d4d0030ef	GET	/users	http://localhost:3000
2025 07 10	12:17:11	7eba9840-c584-46fc-bc29-e4b72e85ac94	GET	/users	http://localhost:3000
2025 07 10	12:17:11	57f97bdc-f69b-4f31-9832-345a28b7867b	GET	/users	http://localhost:3000
2025 07 10	12:17:11	edd4a9b5-a60e-47b3-9fec-4a2278307e6a	GET	/users	http://localhost:3000
2025 07 10	12:17:11	fa60dd12-adb5-4b83-a817-45525ddb7290	GET	/users	http://localhost:3000
2025 07 10	12:17:11	09bec9e8-e358-41a1-9857-7d15b7f4dde0	GET	/users	http://localhost:3000
2025 07 10	12:17:11	4d1c372e-9fe4-4d11-a9d1-112f47157f0a	GET	/users	http://localhost:3000
2025 07 10	12:17:11	6305d5b6-f9b4-4ca6-8136-705d6960d439	GET	/users	http://localhost:3000
2025 07 10	12:17:11	5eacbe9b-9c09-4181-89d6-075e07e082f2	GET	/users	http://localhost:3000
2025 07 10	12:17:11	dc3e574b-bfe5-460c-85f9-33f7d4313304	GET	/users	http://localhost:3000
2025 07 10	12:17:17	a9b15534-1e6c-4eb5-8dcb-bf50c0c150fd	GET	/users	http://localhost:3000
2025 07 10	12:17:17	70038501-4356-43b8-8fe3-749e7f0a2cf0	GET	/users	http://localhost:3000
2025 07 10	12:17:18	090b40ee-54ef-4497-8d98-3fe83c0681f6	GET	/users	http://localhost:3000
2025 07 10	12:17:18	ab57fdff-d7f7-4641-82e4-c5c4a3fd683a	GET	/users	http://localhost:3000
2025 07 10	12:17:25	2b3f5940-64fb-4a03-93bf-36ab832e3e37	GET	/auth/refresh	http://localhost:3000
2025 07 10	12:17:25	638d2e83-b4bc-42b0-a123-697db8cee4a6	GET	/auth/refresh	http://localhost:3000
2025 07 10	12:17:26	5bce2217-8fd7-4337-a83e-2412a6e6b4c1	OPTIONS	/auth	http://localhost:3000
2025 07 10	12:17:26	2bbc2bed-7c56-42f5-a06a-69859ab7a690	POST	/auth	http://localhost:3000
2025 07 10	12:17:27	4f7f6c16-2ec8-4533-bd53-137fa2a8799b	GET	/auth/refresh	http://localhost:3000
2025 07 10	12:17:27	070fecae-ce88-4b83-beaf-19c953b0dec1	GET	/auth/refresh	http://localhost:3000
2025 07 10	12:17:27	9d963ef8-014d-45e9-91ea-4c7e20cd1322	OPTIONS	/users	http://localhost:3000
2025 07 10	12:17:27	c0c53bc9-2262-4e80-ae96-eb5a016edffb	OPTIONS	/users	http://localhost:3000
2025 07 10	12:17:27	3a824a5a-0fcb-4d35-bea6-d165c2851957	GET	/users	http://localhost:3000
2025 07 10	12:17:27	7a16e9b7-1c21-4bfb-a1f4-212040c11f0d	OPTIONS	/users	http://localhost:3000
2025 07 10	12:17:27	1bb8f923-12a5-4773-8dec-d155415e8604	OPTIONS	/users	http://localhost:3000
2025 07 10	12:17:27	81376f90-1fb5-438b-833b-afb9295eb548	GET	/users	http://localhost:3000
2025 07 10	12:17:27	e28697a9-d0b1-41b0-93f2-5a0c5f7d67a6	GET	/users	http://localhost:3000
2025 07 10	12:17:27	4cbcd857-83cc-400d-a8a2-60abf9d76c3e	GET	/users	http://localhost:3000
2025 07 10	12:17:29	656832f2-1d11-4f3e-bb3a-df3f802542d7	GET	/users	http://localhost:3000
2025 07 10	12:17:29	6b6586cd-a10e-451e-abf2-714eb6116b04	GET	/users	http://localhost:3000
2025 07 10	12:17:29	343ae895-76dc-46c2-8acb-92284756af7d	GET	/users	http://localhost:3000
2025 07 10	12:17:29	1e0e74c6-dc1f-43eb-9151-01695abbd7ce	GET	/users	http://localhost:3000
2025 07 10	12:17:32	eed6164a-bdbc-4587-b7cc-538b62f6b478	GET	/users	http://localhost:3000
2025 07 10	12:17:33	2c12fe7d-dc4f-4ef3-aa8e-73687b3a3cb4	GET	/users	http://localhost:3000
2025 07 10	12:17:37	57fe617d-dc24-4e56-af0f-d7cac0301435	OPTIONS	/users/update/6861f76dbfc3b07a655fe258	http://localhost:3000
2025 07 10	12:17:37	039ed20e-d2ed-4e4f-b1ea-7850bdfcc214	PATCH	/users/update/6861f76dbfc3b07a655fe258	http://localhost:3000
2025 07 10	12:18:18	e49a9ef2-e398-4511-ac23-27a34aea3dc3	GET	/auth/refresh	http://localhost:3000
2025 07 10	12:18:18	8d380455-a4b0-4c79-be7a-79ec0a7b95c8	GET	/auth/refresh	http://localhost:3000
2025 07 10	12:18:18	aa0ba7be-1f77-4116-8c98-868666162b4d	OPTIONS	/users	http://localhost:3000
2025 07 10	12:18:18	0ee11c9a-18b1-4f20-a8b8-dd9e7121373e	OPTIONS	/users	http://localhost:3000
2025 07 10	12:18:18	dc06f3e1-f0fb-42d5-95c1-f2378d1f4a18	OPTIONS	/users	http://localhost:3000
2025 07 10	12:18:18	d4c92d3c-0d72-4f5a-9039-8391f2afdb05	OPTIONS	/users	http://localhost:3000
2025 07 10	12:18:18	d4522a08-3ad9-4881-abb3-bb7c84a09506	GET	/users	http://localhost:3000
2025 07 10	12:18:18	4d8469cd-29e7-4952-8c02-ed6f319a18ee	GET	/users	http://localhost:3000
2025 07 10	12:18:18	6e6d23d2-73dc-46e6-b8e5-2cdefe322e55	GET	/users	http://localhost:3000
2025 07 10	12:18:18	cdd25db3-0c79-4b33-a551-928e5fbd2ef2	GET	/users	http://localhost:3000
2025 07 10	12:21:45	60acc5dd-d27e-494a-b907-e65d65dc4c7c	GET	/items	http://localhost:3000
2025 07 10	12:21:45	7044f310-a09e-4f8a-a654-8cd013263809	GET	/items	http://localhost:3000
2025 07 10	12:21:45	b4110954-364e-4ed2-bed4-6e120e2c0a2f	GET	/transactions	http://localhost:3000
2025 07 10	12:21:45	4ae58915-64da-4fed-bc5e-19ff03319535	GET	/items	http://localhost:3000
2025 07 10	12:21:45	1f17dd26-0ac9-44c0-a5b7-854be4fe29ac	GET	/users	http://localhost:3000
2025 07 10	12:21:45	6b716778-cdbe-4d00-a123-51abe1db0da8	GET	/transactions	http://localhost:3000
2025 07 10	12:21:45	6c8a7f04-7c4a-44fc-b018-e1bd35661566	GET	/items	http://localhost:3000
2025 07 10	12:21:45	ea8411bd-715b-425d-9678-749673009886	GET	/users	http://localhost:3000
2025 07 10	12:21:50	c5817678-c8ce-40c3-9d7e-0b82a0d127a5	OPTIONS	/auth	http://localhost:3000
2025 07 10	12:21:50	81acd223-1473-4713-9304-dcd563c56748	POST	/auth	http://localhost:3000
2025 07 10	12:21:51	4f3d183a-8c30-4678-8460-5cd19429f914	GET	/auth/refresh	http://localhost:3000
2025 07 10	12:21:51	301bb152-626e-4a04-b920-f8100a6841f1	GET	/auth/refresh	http://localhost:3000
2025 07 10	12:21:56	973e6329-07de-4b1a-a68c-b15849b26494	GET	/auth/refresh	http://localhost:3000
2025 07 10	12:21:56	4c2361fb-60b5-4f81-9dc6-bb6ec23db3bc	GET	/auth/refresh	http://localhost:3000
2025 07 10	12:21:57	09857ff4-5042-4042-8551-3b393fc3e03b	OPTIONS	/users	http://localhost:3000
2025 07 10	12:21:57	b8e1a285-8ade-4650-955f-0045ab233371	OPTIONS	/users	http://localhost:3000
2025 07 10	12:21:57	33f45d45-8dc0-48ba-8e5c-deb34adffc2e	GET	/users	http://localhost:3000
2025 07 10	12:21:57	eb49ec69-7fee-4735-963c-8f45b2562134	GET	/users	http://localhost:3000
2025 07 10	12:21:57	affaaa43-af36-4bd1-8369-fe8c63038770	OPTIONS	/users	http://localhost:3000
2025 07 10	12:21:57	1ba84f1a-a101-45e9-9c6a-40fc727a0ca5	OPTIONS	/users	http://localhost:3000
2025 07 10	12:21:57	ebe39d2d-5814-4bb9-93cc-639bde4ef39b	GET	/users	http://localhost:3000
2025 07 10	12:21:57	31821629-e4a5-44b0-b8fb-816492768718	GET	/users	http://localhost:3000
2025 07 10	12:22:11	0e996597-4eff-4a71-8bb3-52ba7c5176a7	OPTIONS	/users/update/6861f76dbfc3b07a655fe258	http://localhost:3000
2025 07 10	12:22:11	a89a1c25-43ca-4e19-9169-1454089f6096	PATCH	/users/update/6861f76dbfc3b07a655fe258	http://localhost:3000
2025 07 10	12:22:18	6d069aeb-f39a-4079-b83d-78ae93279423	GET	/auth/refresh	http://localhost:3000
2025 07 10	12:22:18	db616b2d-355f-4979-8743-1d1f48388fbd	GET	/auth/refresh	http://localhost:3000
2025 07 10	12:22:18	8b2818bf-ded3-4927-aef1-85a98dd219e4	OPTIONS	/users	http://localhost:3000
2025 07 10	12:22:18	afdfbe9a-aed9-4d44-9e08-dfc9111afac7	OPTIONS	/users	http://localhost:3000
2025 07 10	12:22:18	d1df44fe-9327-45fd-a3aa-f79fba018e9f	OPTIONS	/users	http://localhost:3000
2025 07 10	12:22:18	1e4146c5-aac8-41ba-97fc-251b769cec25	OPTIONS	/users	http://localhost:3000
2025 07 10	12:22:18	c50d0ea9-72fd-4952-89df-49f2633af667	GET	/users	http://localhost:3000
2025 07 10	12:22:18	6e224c43-7300-44d9-ac19-aabe2809e71b	GET	/users	http://localhost:3000
2025 07 10	12:22:18	f697d770-a443-4d2c-9c97-2f578305a586	GET	/users	http://localhost:3000
2025 07 10	12:22:18	2f08c20a-264e-41ee-9c39-67615c4a0dc9	GET	/users	http://localhost:3000
2025 07 10	12:22:20	6d15fb4d-600b-4a69-80d2-0e3b5a94e3c8	GET	/auth/refresh	http://localhost:3000
2025 07 10	12:22:20	7c111183-841a-437b-911c-90335798f207	GET	/items	http://localhost:3000
2025 07 10	12:22:20	0a86fe72-3ba7-44d6-8965-9cde47717e4c	GET	/transactions	http://localhost:3000
2025 07 10	12:22:20	f06bf165-65e7-416c-8ee6-90b1face772f	GET	/items	http://localhost:3000
2025 07 10	12:22:20	6bd3b2ad-ba95-41f2-bb07-d55a2ab41ea5	GET	/users	http://localhost:3000
2025 07 10	12:22:20	59019437-fb2c-4af3-ab6e-93812d5c6c50	GET	/auth/refresh	http://localhost:3000
2025 07 10	12:22:20	ab510f77-370e-4838-84e4-2ee2ca4fad40	GET	/items	http://localhost:3000
2025 07 10	12:22:21	f229cf1a-198f-449e-8915-6512ee708529	GET	/transactions	http://localhost:3000
2025 07 10	12:22:21	fa6a493b-cd15-458f-9090-e902d38324bb	GET	/items	http://localhost:3000
2025 07 10	12:22:21	8cdd0ba6-f8d9-4634-83d6-34ad4b4a630e	GET	/users	http://localhost:3000
2025 07 10	12:22:21	33646f56-d382-4d93-b211-786573c71f87	GET	/users	http://localhost:3000
2025 07 10	12:22:21	70bab9f2-bb47-42e6-8b47-2457bd3439b0	GET	/users	http://localhost:3000
2025 07 10	12:22:21	e14b731b-ba35-4d5b-9569-75a3c7ca45d2	GET	/users	http://localhost:3000
2025 07 10	12:22:21	c1e4b326-b2ba-4751-9995-4febcd1d0f6d	GET	/users	http://localhost:3000
2025 07 10	12:24:42	163dabcc-942f-4f17-bc4d-9d38058ef531	OPTIONS	/users/update/6861f76dbfc3b07a655fe258	http://localhost:3000
2025 07 10	12:24:42	ebcc941a-a9ee-48e3-95f8-798269ad8011	PATCH	/users/update/6861f76dbfc3b07a655fe258	http://localhost:3000
2025 07 10	12:25:11	f78a86c0-7637-4827-af81-43a71e2729a5	GET	/auth/refresh	http://localhost:3000
2025 07 10	12:25:11	0e9c2098-139f-443d-a802-1a31679778c7	GET	/auth/refresh	http://localhost:3000
2025 07 10	12:25:11	55eeb23b-a239-450e-9dc3-91a024e33b62	OPTIONS	/users	http://localhost:3000
2025 07 10	12:25:11	2421ebe2-d182-4050-a70a-c1264ed050c0	OPTIONS	/users	http://localhost:3000
2025 07 10	12:25:11	c3297479-4672-4db5-aa1a-54029618f6bb	OPTIONS	/users	http://localhost:3000
2025 07 10	12:25:11	726aefbb-e082-4c1f-9b05-5d8e81b85f6a	OPTIONS	/users	http://localhost:3000
2025 07 10	12:25:11	feb4833a-ed17-4184-8844-8bdf0dda68ed	GET	/users	http://localhost:3000
2025 07 10	12:25:11	470ff255-7659-4e05-a482-0ad6ce7c1a23	GET	/users	http://localhost:3000
2025 07 10	12:25:11	337a05a8-f2fe-4b16-88dc-8a3c23ed3863	GET	/users	http://localhost:3000
2025 07 10	12:25:11	47967a1a-007d-44f0-89b0-a7c27ecc654a	GET	/users	http://localhost:3000
2025 07 10	12:25:13	66622ce8-3b52-411b-bee8-a9a846eb7b90	GET	/auth/refresh	http://localhost:3000
2025 07 10	12:25:13	706666fd-3b90-4b92-813d-776f251beda0	GET	/items	http://localhost:3000
2025 07 10	12:25:13	1ad09a7c-990c-4b5f-92e7-d5b693f3d719	GET	/transactions	http://localhost:3000
2025 07 10	12:25:13	fdde26b2-a32c-47dc-af3b-a50740cf1ed0	GET	/items	http://localhost:3000
2025 07 10	12:25:13	cb29d808-7dbf-44ec-ab82-0be0c256d02d	GET	/users	http://localhost:3000
2025 07 10	12:25:13	435549ef-6d65-4866-a7a8-753537284ef0	GET	/auth/refresh	http://localhost:3000
2025 07 10	12:25:13	f324abc1-1a60-440d-b44c-006a74fa2518	GET	/items	http://localhost:3000
2025 07 10	12:25:13	f5ef958c-e487-42dd-830b-80265a38b9a3	GET	/items	http://localhost:3000
2025 07 10	12:25:13	5272cf4c-6274-4492-9130-781ea99336a4	GET	/transactions	http://localhost:3000
2025 07 10	12:25:13	58c072e5-958c-4447-8946-f853c28e63a5	GET	/users	http://localhost:3000
2025 07 10	12:25:13	945e66e4-acd3-406e-b2f9-faa1678c3b88	GET	/users	http://localhost:3000
2025 07 10	12:25:14	83ddf6f6-9ac1-4ddf-958f-1675f3f244c0	GET	/users	http://localhost:3000
2025 07 10	12:25:14	b01d2d3b-cad6-4773-b08b-da246e56fcae	GET	/users	http://localhost:3000
2025 07 10	12:25:14	28e9031f-ace4-4d85-a6d5-878008ec1c30	GET	/users	http://localhost:3000
2025 07 10	12:26:31	c2ad0b56-c5e3-472c-afe5-63f14950fb66	OPTIONS	/users/update/6861f76dbfc3b07a655fe258	http://localhost:3000
2025 07 10	12:26:31	ddfa469d-5b6d-46ef-aa9a-38b03cf0b823	PATCH	/users/update/6861f76dbfc3b07a655fe258	http://localhost:3000
2025 07 10	12:27:18	ff345060-0755-4638-adfa-5e84289a73a8	OPTIONS	/users/update/6861f76dbfc3b07a655fe258	http://localhost:3000
2025 07 10	12:27:18	8fede928-8c2f-4da0-943a-b31373e3106f	PATCH	/users/update/6861f76dbfc3b07a655fe258	http://localhost:3000
2025 07 10	12:28:17	831801f0-0f5c-47d9-9b1c-e0b1234da76b	OPTIONS	/users/update/6861f76dbfc3b07a655fe258	http://localhost:3000
2025 07 10	12:28:17	fd37e6d5-aae0-4d4a-ac49-57f254a7abfd	PATCH	/users/update/6861f76dbfc3b07a655fe258	http://localhost:3000
2025 07 10	12:32:10	92573d6a-7be0-4e26-b93b-3ff7bc6a5119	GET	/auth/refresh	http://localhost:3000
2025 07 10	12:32:10	99f4961c-9eb5-47c4-a61e-3bbbb3ed2e8b	GET	/auth/refresh	http://localhost:3000
2025 07 10	12:32:10	beddcc22-9337-44ff-bd7a-fedf512a9f86	OPTIONS	/users	http://localhost:3000
2025 07 10	12:32:10	c85a3f72-c9b9-4a00-8a06-b97becbd6ddf	OPTIONS	/users	http://localhost:3000
2025 07 10	12:32:11	5fdbe9d1-8dc2-4274-89fd-62a394ec75b2	OPTIONS	/users	http://localhost:3000
2025 07 10	12:32:11	fb5afa4b-0010-4038-a432-8a6bfe7a839e	OPTIONS	/users	http://localhost:3000
2025 07 10	12:32:11	635c64e5-dacf-45c1-8927-d4156de04f65	GET	/users	http://localhost:3000
2025 07 10	12:32:11	a5742fdb-b6d7-4dc3-9bb6-af7a9efd8ea4	GET	/users	http://localhost:3000
2025 07 10	12:32:11	57ca730a-d4ba-4341-8bbb-a6e5bb92f5e6	GET	/users	http://localhost:3000
2025 07 10	12:32:11	1504af42-8be2-4b69-ba20-1ad0f892f522	GET	/users	http://localhost:3000
2025 07 10	12:32:18	e484c46a-a147-4729-ac38-72524e89b620	OPTIONS	/users/update/6861f76dbfc3b07a655fe258	http://localhost:3000
2025 07 10	12:32:18	4f504279-30e4-41e0-8b34-958f7a2217a7	PATCH	/users/update/6861f76dbfc3b07a655fe258	http://localhost:3000
2025 07 10	12:34:15	cc9fb675-2ebb-45a6-84a3-845b5a93d479	GET	/transactions	http://localhost:3000
2025 07 10	12:34:15	9876de48-7501-4873-8002-727ef5ecd500	GET	/items	http://localhost:3000
2025 07 10	12:34:15	c5ea7d5f-433a-4bbe-af53-f05ab0279f05	GET	/users	http://localhost:3000
2025 07 10	12:34:15	da854b04-d3dc-4e24-b11b-9eaaa05f0bac	GET	/users	http://localhost:3000
2025 07 10	12:34:15	9a12b258-c621-47bd-914a-3dfa7a198f7e	GET	/items	http://localhost:3000
2025 07 10	12:34:15	47718c60-ca78-4710-93c5-fd19d20bf127	GET	/transactions	http://localhost:3000
2025 07 10	12:34:15	fc09ee36-6490-4e61-a296-e990c77d64eb	GET	/items	http://localhost:3000
2025 07 10	12:34:16	6c4362a0-8516-4532-9f3e-a1ce7fbfc30a	GET	/items	http://localhost:3000
2025 07 10	12:34:24	e5315282-4a41-4021-8c45-13d71f865a62	OPTIONS	/auth	http://localhost:3000
2025 07 10	12:34:24	23af5507-adf2-44a4-b201-0134bc840a07	POST	/auth	http://localhost:3000
2025 07 10	12:34:25	3f03a775-53b6-4619-84c2-5cbeade3b40a	GET	/auth/refresh	http://localhost:3000
2025 07 10	12:34:25	7b074db9-ebb7-458b-880f-f2dbf35550d4	GET	/auth/refresh	http://localhost:3000
2025 07 10	12:34:28	06d18a60-5e27-4d1d-ac41-c15b624c7bd3	GET	/auth/refresh	http://localhost:3000
2025 07 10	12:34:28	eaeecd27-6b21-4a43-ad10-da22d7c42070	GET	/auth/refresh	http://localhost:3000
2025 07 10	12:34:28	69d3d1e3-0189-4bec-aa0c-038f35ca9541	OPTIONS	/users	http://localhost:3000
2025 07 10	12:34:28	b12a8736-8f8e-4797-8244-4dc41a33f963	OPTIONS	/users	http://localhost:3000
2025 07 10	12:34:28	c6fab835-15a9-4cf7-9dc9-df88998a9b2c	OPTIONS	/users	http://localhost:3000
2025 07 10	12:34:28	5209245a-f6dc-46e1-a755-f8241002fb92	OPTIONS	/users	http://localhost:3000
2025 07 10	12:34:28	b26fe8aa-8bb6-454c-9fa7-224ef564dd63	GET	/users	http://localhost:3000
2025 07 10	12:34:28	cfcd0798-fa3c-4a4c-bc5b-13560b3ba0c2	GET	/users	http://localhost:3000
2025 07 10	12:34:28	35cfe199-bfe0-4374-aa45-68a1ecc86208	GET	/users	http://localhost:3000
2025 07 10	12:34:28	b0817a90-da1f-45e3-ae9e-730d1ec0fb85	GET	/users	http://localhost:3000
2025 07 10	12:41:28	9cc5043f-868b-4ce3-8774-7ef7d2debe4c	GET	/auth/refresh	http://localhost:3000
2025 07 10	12:41:28	399639dd-a6a8-4e7a-9b9d-214ae3d996e1	GET	/auth/refresh	http://localhost:3000
2025 07 10	12:41:28	5711b17d-32fa-4ab1-b396-2bbb719b4e4d	OPTIONS	/users	http://localhost:3000
2025 07 10	12:41:28	baeb7c91-ae6c-486c-9516-254104514e2a	OPTIONS	/users	http://localhost:3000
2025 07 10	12:41:28	02b636e0-2a7e-4582-b12a-0cbde5f57953	OPTIONS	/users	http://localhost:3000
2025 07 10	12:41:28	62fdd688-12e5-4dd7-9616-0c71d9542011	OPTIONS	/users	http://localhost:3000
2025 07 10	12:41:28	80c09e32-5b6a-41d4-9a30-074c44896f25	GET	/users	http://localhost:3000
2025 07 10	12:41:28	1c6302a8-4f6c-4c43-ad6d-a98160e11eb5	GET	/users	http://localhost:3000
2025 07 10	12:41:28	6a86adb5-f9dc-4d77-83ce-32131609d06d	GET	/users	http://localhost:3000
2025 07 10	12:41:28	4c9f2f0e-f5c7-44ba-88d4-0eefeaeb04f0	GET	/users	http://localhost:3000
2025 07 10	12:41:39	24fec062-ba81-4a2b-a3d4-8cce37d641a0	OPTIONS	/users/update/6861f76dbfc3b07a655fe258	http://localhost:3000
2025 07 10	12:41:39	71726a59-2b94-42a0-b959-25622d8794e8	PATCH	/users/update/6861f76dbfc3b07a655fe258	http://localhost:3000
2025 07 10	12:45:49	c9a96086-725b-4c7c-af26-9c276a24a6a3	OPTIONS	/items	null
